Using pre-set license

 COMMAND LINE ARGUMENTS:
/Applications/Unity/Hub/Editor/2020.3.0f1/Unity.app/Contents/MacOS/Unity
-adb2
-batchMode
-noUpm
-name
AssetImportWorker0
-projectPath
/Users/johnpiccione/Desktop/workspace/DSU Comp Sci/CSC260/Final Project/CSC-260-Project/CSC-260-Project/Match 3 Game Starter
-logFile
Logs/AssetImportWorker0.log
-srvPort
54853
Successfully changed project path to: /Users/johnpiccione/Desktop/workspace/DSU Comp Sci/CSC260/Final Project/CSC-260-Project/CSC-260-Project/Match 3 Game Starter
/Users/johnpiccione/Desktop/workspace/DSU Comp Sci/CSC260/Final Project/CSC-260-Project/CSC-260-Project/Match 3 Game Starter
Using Asset Import Pipeline V2.
Refreshing native plugins compatible for Editor in 30.27 ms, found 1 plugins.
Preloading 0 native plugins for Editor in 0.00 ms.
Initialize engine version: 2020.3.0f1 (c7b5465681fb)
[Subsystems] Discovering subsystems at path /Applications/Unity/Hub/Editor/2020.3.0f1/Unity.app/Contents/Resources/UnitySubsystems
[Subsystems] Discovering subsystems at path /Users/johnpiccione/Desktop/workspace/DSU Comp Sci/CSC260/Final Project/CSC-260-Project/CSC-260-Project/Match 3 Game Starter/Assets
GfxDevice: creating device client; threaded=0
2021-04-28 12:44:18.801 Unity[7250:191560] iMac preferred device: AMD Radeon Pro 555 (high power)
2021-04-28 12:44:18.801 Unity[7250:191560] Metal devices available: 1
2021-04-28 12:44:18.801 Unity[7250:191560] 0: AMD Radeon Pro 555 (high power)
2021-04-28 12:44:18.801 Unity[7250:191560] Using device AMD Radeon Pro 555 (high power)
Initializing Metal device caps: AMD Radeon Pro 555
Initialize mono
Mono path[0] = '/Applications/Unity/Hub/Editor/2020.3.0f1/Unity.app/Contents/Managed'
Mono path[1] = '/Applications/Unity/Hub/Editor/2020.3.0f1/Unity.app/Contents/MonoBleedingEdge/lib/mono/unityjit'
Mono config path = '/Applications/Unity/Hub/Editor/2020.3.0f1/Unity.app/Contents/MonoBleedingEdge/etc'
Using monoOptions --debugger-agent=transport=dt_socket,embedding=1,server=y,suspend=n,address=127.0.0.1:56250
Begin MonoManager ReloadAssembly
Registering precompiled unity dll's ...
Register platform support module: /Applications/Unity/Hub/Editor/2020.3.0f1/PlaybackEngines/WebGLSupport/UnityEditor.WebGL.Extensions.dll
Register platform support module: /Applications/Unity/Hub/Editor/2020.3.0f1/Unity.app/Contents/PlaybackEngines/MacStandaloneSupport/UnityEditor.OSXStandalone.Extensions.dll
Registered in 0.000723 seconds.
Native extension for OSXStandalone target not found
Native extension for WebGL target not found
Refreshing native plugins compatible for Editor in 35.45 ms, found 1 plugins.
Preloading 0 native plugins for Editor in 0.00 ms.
Invoked RoslynAnalysisRunner static constructor.
RoslynAnalysisRunner will not be running.
RoslynAnalysisRunner has terminated.
Mono: successfully reloaded assembly
- Completed reload, in  1.677 seconds
Platform modules already initialized, skipping
Registering precompiled user dll's ...
Registered in 0.000417 seconds.
Begin MonoManager ReloadAssembly
Native extension for OSXStandalone target not found
Native extension for WebGL target not found
Refreshing native plugins compatible for Editor in 0.25 ms, found 1 plugins.
Preloading 0 native plugins for Editor in 0.00 ms.
Invoked RoslynAnalysisRunner static constructor.
RoslynAnalysisRunner will not be running.
RoslynAnalysisRunner has terminated.
Mono: successfully reloaded assembly
- Completed reload, in  1.187 seconds
Platform modules already initialized, skipping
========================================================================
Worker process is ready to serve import requests
Launching external process: /Applications/Unity/Hub/Editor/2020.3.0f1/Unity.app/Contents/Tools/UnityShaderCompiler
Launched and connected shader compiler UnityShaderCompiler after 0.01 seconds
Refreshing native plugins compatible for Editor in 0.24 ms, found 1 plugins.
Preloading 0 native plugins for Editor in 0.00 ms.
Unloading 1417 Unused Serialized files (Serialized files now loaded: 0)
System memory in use before: 126.7 MB.
System memory in use after: 126.8 MB.

Unloading 9 unused Assets to reduce memory usage. Loaded Objects now: 1861.
Total: 2.396697 ms (FindLiveObjects: 0.187140 ms CreateObjectMapping: 0.060173 ms MarkObjects: 2.070061 ms  DeleteObjects: 0.078152 ms)

========================================================================
Received Import Request.
  path: Assets/Match 3 Starter/Scripts/Managers/GUIManager.cs
  artifactKey: Guid(f194c03b331e8294d85f6654fa6a5c94) Importer(815301076,1909f56bfc062723c751e8b465ee728b)
Start importing Assets/Match 3 Starter/Scripts/Managers/GUIManager.cs using Guid(f194c03b331e8294d85f6654fa6a5c94) Importer(815301076,1909f56bfc062723c751e8b465ee728b)  -> (artifact id: '2da5972941b427ae098035b2c648bb91') in 0.487555 seconds
  Import took 0.490155 seconds .

========================================================================
Received Prepare
Registering precompiled user dll's ...
Registered in 0.000584 seconds.
Begin MonoManager ReloadAssembly
Native extension for OSXStandalone target not found
Native extension for WebGL target not found
Refreshing native plugins compatible for Editor in 0.28 ms, found 1 plugins.
Preloading 0 native plugins for Editor in 0.00 ms.
Invoked RoslynAnalysisRunner static constructor.
RoslynAnalysisRunner will not be running.
RoslynAnalysisRunner has terminated.
Mono: successfully reloaded assembly
- Completed reload, in  1.142 seconds
Platform modules already initialized, skipping
Refreshing native plugins compatible for Editor in 0.31 ms, found 1 plugins.
Preloading 0 native plugins for Editor in 0.00 ms.
Unloading 1410 Unused Serialized files (Serialized files now loaded: 0)
System memory in use before: 130.8 MB.
System memory in use after: 130.9 MB.

Unloading 4 unused Assets to reduce memory usage. Loaded Objects now: 1864.
Total: 2.238075 ms (FindLiveObjects: 0.251533 ms CreateObjectMapping: 0.050967 ms MarkObjects: 1.918322 ms  DeleteObjects: 0.015980 ms)

========================================================================
Received Import Request.
  Time since last request: 143.270820 seconds.
  path: Assets/Match 3 Starter/Prefabs/Managers and UI/GUIManagerCanvas.prefab
  artifactKey: Guid(6a2e44e682f3ea5469046c0ccfa27945) Importer(815301076,1909f56bfc062723c751e8b465ee728b)
Start importing Assets/Match 3 Starter/Prefabs/Managers and UI/GUIManagerCanvas.prefab using Guid(6a2e44e682f3ea5469046c0ccfa27945) Importer(815301076,1909f56bfc062723c751e8b465ee728b)  -> (artifact id: 'fca26293ec1b845ebacdc266ea57e5e6') in 1.271680 seconds
  Import took 1.274671 seconds .

========================================================================
Received Prepare
Registering precompiled user dll's ...
Registered in 0.000485 seconds.
Begin MonoManager ReloadAssembly
Native extension for OSXStandalone target not found
Native extension for WebGL target not found
Refreshing native plugins compatible for Editor in 0.28 ms, found 1 plugins.
Preloading 0 native plugins for Editor in 0.00 ms.
Invoked RoslynAnalysisRunner static constructor.
RoslynAnalysisRunner will not be running.
RoslynAnalysisRunner has terminated.
Mono: successfully reloaded assembly
- Completed reload, in  1.072 seconds
Platform modules already initialized, skipping
Refreshing native plugins compatible for Editor in 0.32 ms, found 1 plugins.
Preloading 0 native plugins for Editor in 0.00 ms.
Unloading 1410 Unused Serialized files (Serialized files now loaded: 0)
System memory in use before: 135.4 MB.
System memory in use after: 135.5 MB.

Unloading 5 unused Assets to reduce memory usage. Loaded Objects now: 1867.
Total: 1.644002 ms (FindLiveObjects: 0.209006 ms CreateObjectMapping: 0.045919 ms MarkObjects: 1.370479 ms  DeleteObjects: 0.017761 ms)

========================================================================
Received Prepare
Registering precompiled user dll's ...
Registered in 0.000564 seconds.
Begin MonoManager ReloadAssembly
Native extension for OSXStandalone target not found
Native extension for WebGL target not found
Refreshing native plugins compatible for Editor in 0.24 ms, found 1 plugins.
Preloading 0 native plugins for Editor in 0.00 ms.
Invoked RoslynAnalysisRunner static constructor.
RoslynAnalysisRunner will not be running.
RoslynAnalysisRunner has terminated.
Mono: successfully reloaded assembly
- Completed reload, in  1.108 seconds
Platform modules already initialized, skipping
Refreshing native plugins compatible for Editor in 0.23 ms, found 1 plugins.
Preloading 0 native plugins for Editor in 0.00 ms.
Unloading 1410 Unused Serialized files (Serialized files now loaded: 0)
System memory in use before: 135.5 MB.
System memory in use after: 135.7 MB.

Unloading 4 unused Assets to reduce memory usage. Loaded Objects now: 1870.
Total: 1.596576 ms (FindLiveObjects: 0.210152 ms CreateObjectMapping: 0.040627 ms MarkObjects: 1.333140 ms  DeleteObjects: 0.011753 ms)

========================================================================
Received Import Request.
  Time since last request: 362.154426 seconds.
  path: Assets/Match 3 Starter/Scenes/Game.unity
  artifactKey: Guid(13c4b9a25e714484db0951847e444521) Importer(815301076,1909f56bfc062723c751e8b465ee728b)
Start importing Assets/Match 3 Starter/Scenes/Game.unity using Guid(13c4b9a25e714484db0951847e444521) Importer(815301076,1909f56bfc062723c751e8b465ee728b)  -> (artifact id: 'c89df713d4f9427d9ab791f4116326aa') in 0.016696 seconds
  Import took 0.019120 seconds .

========================================================================
Received Import Request.
  Time since last request: 2.637439 seconds.
  path: Assets/Match 3 Starter/Scenes/Menu.unity
  artifactKey: Guid(808e4492450f3f84c859e099524ef107) Importer(815301076,1909f56bfc062723c751e8b465ee728b)
Start importing Assets/Match 3 Starter/Scenes/Menu.unity using Guid(808e4492450f3f84c859e099524ef107) Importer(815301076,1909f56bfc062723c751e8b465ee728b)  -> (artifact id: '85d949e15314fb40824a998a9904df7e') in 0.002655 seconds
  Import took 0.005952 seconds .

========================================================================
Received Import Request.
  Time since last request: 3.187301 seconds.
  path: Assets/Match 3 Starter/Scripts
  artifactKey: Guid(36ac2b576a66eeb4c845f80a9abc597d) Importer(815301076,1909f56bfc062723c751e8b465ee728b)
Start importing Assets/Match 3 Starter/Scripts using Guid(36ac2b576a66eeb4c845f80a9abc597d) Importer(815301076,1909f56bfc062723c751e8b465ee728b)  -> (artifact id: '11308c9b757c9820127eb6811d24410c') in 0.003990 seconds
  Import took 0.007460 seconds .

========================================================================
Received Import Request.
  Time since last request: 6.068405 seconds.
  path: Assets/Match 3 Starter/Scripts/Board and Grid/CountdownTimer.cs
  artifactKey: Guid(bcb3aa12a34b540588bbea21385a914d) Importer(815301076,1909f56bfc062723c751e8b465ee728b)
Start importing Assets/Match 3 Starter/Scripts/Board and Grid/CountdownTimer.cs using Guid(bcb3aa12a34b540588bbea21385a914d) Importer(815301076,1909f56bfc062723c751e8b465ee728b)  -> (artifact id: '0df2d6906fc538493d892134752fe6d4') in 0.006563 seconds
  Import took 0.009381 seconds .

========================================================================
Received Import Request.
  Time since last request: 17.825521 seconds.
  path: Assets/Match 3 Starter/Scripts/Effects/GUISizePingPong.cs
  artifactKey: Guid(6444328334f798a4e822ba1e541e98b4) Importer(815301076,1909f56bfc062723c751e8b465ee728b)
Start importing Assets/Match 3 Starter/Scripts/Effects/GUISizePingPong.cs using Guid(6444328334f798a4e822ba1e541e98b4) Importer(815301076,1909f56bfc062723c751e8b465ee728b)  -> (artifact id: '2c369ae8631316fc2fa4c8aa62edc119') in 0.004871 seconds
  Import took 0.007408 seconds .

========================================================================
Received Prepare
Registering precompiled user dll's ...
Registered in 0.000710 seconds.
Begin MonoManager ReloadAssembly
Native extension for OSXStandalone target not found
Native extension for WebGL target not found
Refreshing native plugins compatible for Editor in 0.25 ms, found 1 plugins.
Preloading 0 native plugins for Editor in 0.00 ms.
Invoked RoslynAnalysisRunner static constructor.
RoslynAnalysisRunner will not be running.
RoslynAnalysisRunner has terminated.
Mono: successfully reloaded assembly
- Completed reload, in  1.059 seconds
Platform modules already initialized, skipping
Refreshing native plugins compatible for Editor in 0.29 ms, found 1 plugins.
Preloading 0 native plugins for Editor in 0.00 ms.
Unloading 1410 Unused Serialized files (Serialized files now loaded: 0)
System memory in use before: 135.8 MB.
System memory in use after: 135.9 MB.

Unloading 4 unused Assets to reduce memory usage. Loaded Objects now: 1873.
Total: 2.117482 ms (FindLiveObjects: 0.351985 ms CreateObjectMapping: 0.078054 ms MarkObjects: 1.671562 ms  DeleteObjects: 0.014588 ms)

========================================================================
Received Import Request.
  Time since last request: 642.716559 seconds.
  path: Assets/Match 3 Starter/Prefabs/Managers and UI/GUIManagerCanvas.prefab
  artifactKey: Guid(6a2e44e682f3ea5469046c0ccfa27945) Importer(815301076,1909f56bfc062723c751e8b465ee728b)
Start importing Assets/Match 3 Starter/Prefabs/Managers and UI/GUIManagerCanvas.prefab using Guid(6a2e44e682f3ea5469046c0ccfa27945) Importer(815301076,1909f56bfc062723c751e8b465ee728b)  -> (artifact id: '8d0f10cb428c7c05beed528ebddef115') in 0.062424 seconds
  Import took 0.065686 seconds .

========================================================================
Received Prepare
Registering precompiled user dll's ...
Registered in 0.000466 seconds.
Begin MonoManager ReloadAssembly
Native extension for OSXStandalone target not found
Native extension for WebGL target not found
Refreshing native plugins compatible for Editor in 0.26 ms, found 1 plugins.
Preloading 0 native plugins for Editor in 0.00 ms.
Invoked RoslynAnalysisRunner static constructor.
RoslynAnalysisRunner will not be running.
RoslynAnalysisRunner has terminated.
Mono: successfully reloaded assembly
- Completed reload, in  1.137 seconds
Platform modules already initialized, skipping
Refreshing native plugins compatible for Editor in 0.24 ms, found 1 plugins.
Preloading 0 native plugins for Editor in 0.00 ms.
Unloading 1410 Unused Serialized files (Serialized files now loaded: 0)
System memory in use before: 136.1 MB.
System memory in use after: 136.2 MB.

Unloading 5 unused Assets to reduce memory usage. Loaded Objects now: 1876.
Total: 1.645571 ms (FindLiveObjects: 0.216732 ms CreateObjectMapping: 0.050311 ms MarkObjects: 1.359615 ms  DeleteObjects: 0.018072 ms)

========================================================================
Received Prepare
Registering precompiled user dll's ...
Registered in 0.000510 seconds.
Begin MonoManager ReloadAssembly
Native extension for OSXStandalone target not found
Native extension for WebGL target not found
Refreshing native plugins compatible for Editor in 0.28 ms, found 1 plugins.
Preloading 0 native plugins for Editor in 0.00 ms.
Invoked RoslynAnalysisRunner static constructor.
RoslynAnalysisRunner will not be running.
RoslynAnalysisRunner has terminated.
Mono: successfully reloaded assembly
- Completed reload, in  1.166 seconds
Platform modules already initialized, skipping
Refreshing native plugins compatible for Editor in 0.24 ms, found 1 plugins.
Preloading 0 native plugins for Editor in 0.00 ms.
Unloading 1410 Unused Serialized files (Serialized files now loaded: 0)
System memory in use before: 136.3 MB.
System memory in use after: 136.4 MB.

Unloading 4 unused Assets to reduce memory usage. Loaded Objects now: 1879.
Total: 2.007465 ms (FindLiveObjects: 0.254227 ms CreateObjectMapping: 0.044330 ms MarkObjects: 1.677749 ms  DeleteObjects: 0.017106 ms)

========================================================================
Received Prepare
Registering precompiled user dll's ...
Registered in 0.000506 seconds.
Begin MonoManager ReloadAssembly
Native extension for OSXStandalone target not found
Native extension for WebGL target not found
Refreshing native plugins compatible for Editor in 0.34 ms, found 1 plugins.
Preloading 0 native plugins for Editor in 0.00 ms.
Invoked RoslynAnalysisRunner static constructor.
RoslynAnalysisRunner will not be running.
RoslynAnalysisRunner has terminated.
Mono: successfully reloaded assembly
- Completed reload, in  1.093 seconds
Platform modules already initialized, skipping
Refreshing native plugins compatible for Editor in 0.49 ms, found 1 plugins.
Preloading 0 native plugins for Editor in 0.00 ms.
Unloading 1410 Unused Serialized files (Serialized files now loaded: 0)
System memory in use before: 136.4 MB.
System memory in use after: 136.6 MB.

Unloading 4 unused Assets to reduce memory usage. Loaded Objects now: 1882.
Total: 1.899727 ms (FindLiveObjects: 0.294826 ms CreateObjectMapping: 0.049299 ms MarkObjects: 1.542181 ms  DeleteObjects: 0.012473 ms)

========================================================================
Received Prepare
Registering precompiled user dll's ...
Registered in 0.000498 seconds.
Begin MonoManager ReloadAssembly
Native extension for OSXStandalone target not found
Native extension for WebGL target not found
Refreshing native plugins compatible for Editor in 0.25 ms, found 1 plugins.
Preloading 0 native plugins for Editor in 0.00 ms.
Invoked RoslynAnalysisRunner static constructor.
RoslynAnalysisRunner will not be running.
RoslynAnalysisRunner has terminated.
Mono: successfully reloaded assembly
- Completed reload, in  1.100 seconds
Platform modules already initialized, skipping
Refreshing native plugins compatible for Editor in 0.27 ms, found 1 plugins.
Preloading 0 native plugins for Editor in 0.00 ms.
Unloading 1410 Unused Serialized files (Serialized files now loaded: 0)
System memory in use before: 136.6 MB.
System memory in use after: 136.7 MB.

Unloading 4 unused Assets to reduce memory usage. Loaded Objects now: 1885.
Total: 1.972583 ms (FindLiveObjects: 0.206631 ms CreateObjectMapping: 0.042719 ms MarkObjects: 1.707843 ms  DeleteObjects: 0.014250 ms)

========================================================================
Received Prepare
Registering precompiled user dll's ...
Registered in 0.000440 seconds.
Begin MonoManager ReloadAssembly
Native extension for OSXStandalone target not found
Native extension for WebGL target not found
Refreshing native plugins compatible for Editor in 0.24 ms, found 1 plugins.
Preloading 0 native plugins for Editor in 0.00 ms.
Invoked RoslynAnalysisRunner static constructor.
RoslynAnalysisRunner will not be running.
RoslynAnalysisRunner has terminated.
Mono: successfully reloaded assembly
- Completed reload, in  1.043 seconds
Platform modules already initialized, skipping
Refreshing native plugins compatible for Editor in 0.25 ms, found 1 plugins.
Preloading 0 native plugins for Editor in 0.00 ms.
Unloading 1410 Unused Serialized files (Serialized files now loaded: 0)
System memory in use before: 136.8 MB.
System memory in use after: 136.9 MB.

Unloading 4 unused Assets to reduce memory usage. Loaded Objects now: 1888.
Total: 1.748671 ms (FindLiveObjects: 0.296017 ms CreateObjectMapping: 0.073056 ms MarkObjects: 1.364457 ms  DeleteObjects: 0.013936 ms)

========================================================================
Received Prepare
Registering precompiled user dll's ...
Registered in 0.000496 seconds.
Begin MonoManager ReloadAssembly
Native extension for OSXStandalone target not found
Native extension for WebGL target not found
Refreshing native plugins compatible for Editor in 0.26 ms, found 1 plugins.
Preloading 0 native plugins for Editor in 0.00 ms.
Invoked RoslynAnalysisRunner static constructor.
RoslynAnalysisRunner will not be running.
RoslynAnalysisRunner has terminated.
Mono: successfully reloaded assembly
- Completed reload, in  1.099 seconds
Platform modules already initialized, skipping
Refreshing native plugins compatible for Editor in 0.26 ms, found 1 plugins.
Preloading 0 native plugins for Editor in 0.00 ms.
Unloading 1410 Unused Serialized files (Serialized files now loaded: 0)
System memory in use before: 137.0 MB.
System memory in use after: 137.1 MB.

Unloading 4 unused Assets to reduce memory usage. Loaded Objects now: 1891.
Total: 1.787507 ms (FindLiveObjects: 0.161970 ms CreateObjectMapping: 0.046955 ms MarkObjects: 1.560603 ms  DeleteObjects: 0.016412 ms)

========================================================================
Received Import Request.
  Time since last request: 883.541900 seconds.
  path: Assets/Match 3 Starter/Scripts/Board and Grid/CountdownTimer.cs
  artifactKey: Guid(bcb3aa12a34b540588bbea21385a914d) Importer(815301076,1909f56bfc062723c751e8b465ee728b)
Start importing Assets/Match 3 Starter/Scripts/Board and Grid/CountdownTimer.cs using Guid(bcb3aa12a34b540588bbea21385a914d) Importer(815301076,1909f56bfc062723c751e8b465ee728b)  -> (artifact id: 'de5f56c98b0142ddc5a682cae5d69171') in 0.008603 seconds
  Import took 0.011095 seconds .

========================================================================
Received Prepare
Registering precompiled user dll's ...
Registered in 0.000448 seconds.
Begin MonoManager ReloadAssembly
Native extension for OSXStandalone target not found
Native extension for WebGL target not found
Refreshing native plugins compatible for Editor in 0.25 ms, found 1 plugins.
Preloading 0 native plugins for Editor in 0.00 ms.
Invoked RoslynAnalysisRunner static constructor.
RoslynAnalysisRunner will not be running.
RoslynAnalysisRunner has terminated.
Mono: successfully reloaded assembly
- Completed reload, in  1.146 seconds
Platform modules already initialized, skipping
Refreshing native plugins compatible for Editor in 0.29 ms, found 1 plugins.
Preloading 0 native plugins for Editor in 0.00 ms.
Unloading 1410 Unused Serialized files (Serialized files now loaded: 0)
System memory in use before: 137.2 MB.
System memory in use after: 137.3 MB.

Unloading 4 unused Assets to reduce memory usage. Loaded Objects now: 1894.
Total: 1.989291 ms (FindLiveObjects: 0.184762 ms CreateObjectMapping: 0.056903 ms MarkObjects: 1.728192 ms  DeleteObjects: 0.017910 ms)

========================================================================
Received Prepare
Registering precompiled user dll's ...
Registered in 0.000697 seconds.
Begin MonoManager ReloadAssembly
Native extension for OSXStandalone target not found
Native extension for WebGL target not found
Refreshing native plugins compatible for Editor in 0.24 ms, found 1 plugins.
Preloading 0 native plugins for Editor in 0.00 ms.
Invoked RoslynAnalysisRunner static constructor.
RoslynAnalysisRunner will not be running.
RoslynAnalysisRunner has terminated.
Mono: successfully reloaded assembly
- Completed reload, in  1.254 seconds
Platform modules already initialized, skipping
Refreshing native plugins compatible for Editor in 0.24 ms, found 1 plugins.
Preloading 0 native plugins for Editor in 0.00 ms.
Unloading 1410 Unused Serialized files (Serialized files now loaded: 0)
System memory in use before: 137.4 MB.
System memory in use after: 137.5 MB.

Unloading 4 unused Assets to reduce memory usage. Loaded Objects now: 1897.
Total: 1.959050 ms (FindLiveObjects: 0.178496 ms CreateObjectMapping: 0.050724 ms MarkObjects: 1.713149 ms  DeleteObjects: 0.015104 ms)

========================================================================
Received Prepare
Registering precompiled user dll's ...
Registered in 0.000506 seconds.
Begin MonoManager ReloadAssembly
Native extension for OSXStandalone target not found
Native extension for WebGL target not found
Refreshing native plugins compatible for Editor in 0.44 ms, found 1 plugins.
Preloading 0 native plugins for Editor in 0.00 ms.
Invoked RoslynAnalysisRunner static constructor.
RoslynAnalysisRunner will not be running.
RoslynAnalysisRunner has terminated.
Mono: successfully reloaded assembly
- Completed reload, in  1.192 seconds
Platform modules already initialized, skipping
Refreshing native plugins compatible for Editor in 0.24 ms, found 1 plugins.
Preloading 0 native plugins for Editor in 0.00 ms.
Unloading 1410 Unused Serialized files (Serialized files now loaded: 0)
System memory in use before: 137.6 MB.
System memory in use after: 137.7 MB.

Unloading 4 unused Assets to reduce memory usage. Loaded Objects now: 1900.
Total: 1.629189 ms (FindLiveObjects: 0.193176 ms CreateObjectMapping: 0.048468 ms MarkObjects: 1.373611 ms  DeleteObjects: 0.013023 ms)

========================================================================
Received Import Request.
  Time since last request: 257.838745 seconds.
  path: Assets/Match 3 Starter/Scripts/Board and Grid/CountdownTimer.cs
  artifactKey: Guid(bcb3aa12a34b540588bbea21385a914d) Importer(815301076,1909f56bfc062723c751e8b465ee728b)
Start importing Assets/Match 3 Starter/Scripts/Board and Grid/CountdownTimer.cs using Guid(bcb3aa12a34b540588bbea21385a914d) Importer(815301076,1909f56bfc062723c751e8b465ee728b)  -> (artifact id: '73d6a6280a967d2f588cf8f7541bcb46') in 0.006986 seconds
  Import took 0.009627 seconds .

========================================================================
Received Prepare
Registering precompiled user dll's ...
Registered in 0.000512 seconds.
Begin MonoManager ReloadAssembly
Native extension for OSXStandalone target not found
Native extension for WebGL target not found
Refreshing native plugins compatible for Editor in 0.32 ms, found 1 plugins.
Preloading 0 native plugins for Editor in 0.00 ms.
Invoked RoslynAnalysisRunner static constructor.
RoslynAnalysisRunner will not be running.
RoslynAnalysisRunner has terminated.
Mono: successfully reloaded assembly
- Completed reload, in  1.130 seconds
Platform modules already initialized, skipping
Refreshing native plugins compatible for Editor in 0.25 ms, found 1 plugins.
Preloading 0 native plugins for Editor in 0.00 ms.
Unloading 1410 Unused Serialized files (Serialized files now loaded: 0)
System memory in use before: 137.8 MB.
System memory in use after: 137.9 MB.

Unloading 4 unused Assets to reduce memory usage. Loaded Objects now: 1903.
Total: 2.021855 ms (FindLiveObjects: 0.238737 ms CreateObjectMapping: 0.059523 ms MarkObjects: 1.705007 ms  DeleteObjects: 0.017225 ms)

========================================================================
Received Import Request.
  Time since last request: 44.423931 seconds.
  path: Assets/Match 3 Starter/Scripts/Board and Grid/CountdownTimer.cs
  artifactKey: Guid(bcb3aa12a34b540588bbea21385a914d) Importer(815301076,1909f56bfc062723c751e8b465ee728b)
Start importing Assets/Match 3 Starter/Scripts/Board and Grid/CountdownTimer.cs using Guid(bcb3aa12a34b540588bbea21385a914d) Importer(815301076,1909f56bfc062723c751e8b465ee728b)  -> (artifact id: '50d307e5f5db151ce53561706f6729da') in 0.006559 seconds
  Import took 0.009219 seconds .

========================================================================
Received Import Request.
  Time since last request: 0.842845 seconds.
  path: Assets/Match 3 Starter/Prefabs/Managers and UI/GUIManagerCanvas.prefab
  artifactKey: Guid(6a2e44e682f3ea5469046c0ccfa27945) Importer(815301076,1909f56bfc062723c751e8b465ee728b)
Start importing Assets/Match 3 Starter/Prefabs/Managers and UI/GUIManagerCanvas.prefab using Guid(6a2e44e682f3ea5469046c0ccfa27945) Importer(815301076,1909f56bfc062723c751e8b465ee728b)  -> (artifact id: '622670cf6049aece128b80a0ecf74da8') in 0.053319 seconds
  Import took 0.056147 seconds .

========================================================================
Received Import Request.
  Time since last request: 0.042161 seconds.
  path: Assets/Match 3 Starter/Prefabs/Managers and UI/GUIManagerCanvas.prefab
  artifactKey: Guid(6a2e44e682f3ea5469046c0ccfa27945) Importer(815301076,1909f56bfc062723c751e8b465ee728b)
Start importing Assets/Match 3 Starter/Prefabs/Managers and UI/GUIManagerCanvas.prefab using Guid(6a2e44e682f3ea5469046c0ccfa27945) Importer(815301076,1909f56bfc062723c751e8b465ee728b)  -> (artifact id: '622670cf6049aece128b80a0ecf74da8') in 0.008719 seconds
  Import took 0.011838 seconds .

========================================================================
Received Import Request.
  Time since last request: 8.972428 seconds.
  path: Assets/Match 3 Starter/Prefabs/Managers and UI/GUIManagerCanvas.prefab
  artifactKey: Guid(6a2e44e682f3ea5469046c0ccfa27945) Importer(815301076,1909f56bfc062723c751e8b465ee728b)
Start importing Assets/Match 3 Starter/Prefabs/Managers and UI/GUIManagerCanvas.prefab using Guid(6a2e44e682f3ea5469046c0ccfa27945) Importer(815301076,1909f56bfc062723c751e8b465ee728b)  -> (artifact id: '7cf689fde970224d03f1347809eb0ca8') in 0.008902 seconds
  Import took 0.011646 seconds .

========================================================================
Received Prepare
Registering precompiled user dll's ...
Registered in 0.000761 seconds.
Begin MonoManager ReloadAssembly
Native extension for OSXStandalone target not found
Native extension for WebGL target not found
Refreshing native plugins compatible for Editor in 0.32 ms, found 1 plugins.
Preloading 0 native plugins for Editor in 0.00 ms.
Invoked RoslynAnalysisRunner static constructor.
RoslynAnalysisRunner will not be running.
RoslynAnalysisRunner has terminated.
Mono: successfully reloaded assembly
- Completed reload, in  1.069 seconds
Platform modules already initialized, skipping
Refreshing native plugins compatible for Editor in 0.25 ms, found 1 plugins.
Preloading 0 native plugins for Editor in 0.00 ms.
Unloading 1410 Unused Serialized files (Serialized files now loaded: 0)
System memory in use before: 138.0 MB.
System memory in use after: 138.1 MB.

Unloading 5 unused Assets to reduce memory usage. Loaded Objects now: 1906.
Total: 2.275373 ms (FindLiveObjects: 0.273166 ms CreateObjectMapping: 0.102361 ms MarkObjects: 1.848272 ms  DeleteObjects: 0.049776 ms)

========================================================================
Received Prepare
Registering precompiled user dll's ...
Registered in 0.000460 seconds.
Begin MonoManager ReloadAssembly
Native extension for OSXStandalone target not found
Native extension for WebGL target not found
Refreshing native plugins compatible for Editor in 0.31 ms, found 1 plugins.
Preloading 0 native plugins for Editor in 0.00 ms.
Invoked RoslynAnalysisRunner static constructor.
RoslynAnalysisRunner will not be running.
RoslynAnalysisRunner has terminated.
Mono: successfully reloaded assembly
- Completed reload, in  1.130 seconds
Platform modules already initialized, skipping
Refreshing native plugins compatible for Editor in 0.26 ms, found 1 plugins.
Preloading 0 native plugins for Editor in 0.00 ms.
Unloading 1410 Unused Serialized files (Serialized files now loaded: 0)
System memory in use before: 138.1 MB.
System memory in use after: 138.2 MB.

Unloading 4 unused Assets to reduce memory usage. Loaded Objects now: 1909.
Total: 1.956907 ms (FindLiveObjects: 0.204839 ms CreateObjectMapping: 0.046254 ms MarkObjects: 1.688560 ms  DeleteObjects: 0.015999 ms)

========================================================================
Received Import Request.
  Time since last request: 250.038818 seconds.
  path: Assets/Match 3 Starter/Prefabs/Managers and UI/GUIManagerCanvas.prefab
  artifactKey: Guid(6a2e44e682f3ea5469046c0ccfa27945) Importer(815301076,1909f56bfc062723c751e8b465ee728b)
Start importing Assets/Match 3 Starter/Prefabs/Managers and UI/GUIManagerCanvas.prefab using Guid(6a2e44e682f3ea5469046c0ccfa27945) Importer(815301076,1909f56bfc062723c751e8b465ee728b)  -> (artifact id: '52f86de6a254aea81ca32b3715c4cca9') in 0.057657 seconds
  Import took 0.060308 seconds .

========================================================================
Received Prepare
Registering precompiled user dll's ...
Registered in 0.000501 seconds.
Begin MonoManager ReloadAssembly
Native extension for OSXStandalone target not found
Native extension for WebGL target not found
Refreshing native plugins compatible for Editor in 0.32 ms, found 1 plugins.
Preloading 0 native plugins for Editor in 0.00 ms.
Invoked RoslynAnalysisRunner static constructor.
RoslynAnalysisRunner will not be running.
RoslynAnalysisRunner has terminated.
Mono: successfully reloaded assembly
- Completed reload, in  1.141 seconds
Platform modules already initialized, skipping
Refreshing native plugins compatible for Editor in 0.26 ms, found 1 plugins.
Preloading 0 native plugins for Editor in 0.00 ms.
Unloading 1410 Unused Serialized files (Serialized files now loaded: 0)
System memory in use before: 138.3 MB.
System memory in use after: 138.5 MB.

Unloading 5 unused Assets to reduce memory usage. Loaded Objects now: 1912.
Total: 1.856922 ms (FindLiveObjects: 0.177557 ms CreateObjectMapping: 0.053920 ms MarkObjects: 1.601538 ms  DeleteObjects: 0.022662 ms)

========================================================================
Received Import Request.
  Time since last request: 48.695485 seconds.
  path: Assets/Match 3 Starter/Scripts/Managers
  artifactKey: Guid(bf58eb155fd155240b080fc6b6edfb2b) Importer(815301076,1909f56bfc062723c751e8b465ee728b)
Start importing Assets/Match 3 Starter/Scripts/Managers using Guid(bf58eb155fd155240b080fc6b6edfb2b) Importer(815301076,1909f56bfc062723c751e8b465ee728b)  -> (artifact id: 'd7789f1138a9e512a787a4b002c77dc7') in 0.005491 seconds
  Import took 0.008364 seconds .

========================================================================
Received Prepare
Registering precompiled user dll's ...
Registered in 0.000553 seconds.
Begin MonoManager ReloadAssembly
Native extension for OSXStandalone target not found
Native extension for WebGL target not found
Refreshing native plugins compatible for Editor in 0.39 ms, found 1 plugins.
Preloading 0 native plugins for Editor in 0.00 ms.
Invoked RoslynAnalysisRunner static constructor.
RoslynAnalysisRunner will not be running.
RoslynAnalysisRunner has terminated.
Mono: successfully reloaded assembly
- Completed reload, in  1.151 seconds
Platform modules already initialized, skipping
Refreshing native plugins compatible for Editor in 0.24 ms, found 1 plugins.
Preloading 0 native plugins for Editor in 0.00 ms.
Unloading 1410 Unused Serialized files (Serialized files now loaded: 0)
System memory in use before: 138.5 MB.
System memory in use after: 138.6 MB.

Unloading 4 unused Assets to reduce memory usage. Loaded Objects now: 1915.
Total: 1.684813 ms (FindLiveObjects: 0.256935 ms CreateObjectMapping: 0.047725 ms MarkObjects: 1.366796 ms  DeleteObjects: 0.012510 ms)

========================================================================
Received Prepare
Registering precompiled user dll's ...
Registered in 0.000471 seconds.
Begin MonoManager ReloadAssembly
Native extension for OSXStandalone target not found
Native extension for WebGL target not found
Refreshing native plugins compatible for Editor in 0.34 ms, found 1 plugins.
Preloading 0 native plugins for Editor in 0.00 ms.
Invoked RoslynAnalysisRunner static constructor.
RoslynAnalysisRunner will not be running.
RoslynAnalysisRunner has terminated.
Mono: successfully reloaded assembly
- Completed reload, in  1.095 seconds
Platform modules already initialized, skipping
Refreshing native plugins compatible for Editor in 0.34 ms, found 1 plugins.
Preloading 0 native plugins for Editor in 0.00 ms.
Unloading 1410 Unused Serialized files (Serialized files now loaded: 0)
System memory in use before: 138.7 MB.
System memory in use after: 138.8 MB.

Unloading 4 unused Assets to reduce memory usage. Loaded Objects now: 1918.
Total: 2.387043 ms (FindLiveObjects: 0.190714 ms CreateObjectMapping: 0.121845 ms MarkObjects: 2.004060 ms  DeleteObjects: 0.067702 ms)

========================================================================
Received Prepare
Registering precompiled user dll's ...
Registered in 0.000504 seconds.
Begin MonoManager ReloadAssembly
Native extension for OSXStandalone target not found
Native extension for WebGL target not found
Refreshing native plugins compatible for Editor in 0.29 ms, found 1 plugins.
Preloading 0 native plugins for Editor in 0.00 ms.
Invoked RoslynAnalysisRunner static constructor.
RoslynAnalysisRunner will not be running.
RoslynAnalysisRunner has terminated.
Mono: successfully reloaded assembly
- Completed reload, in  1.136 seconds
Platform modules already initialized, skipping
Refreshing native plugins compatible for Editor in 0.26 ms, found 1 plugins.
Preloading 0 native plugins for Editor in 0.00 ms.
Unloading 1410 Unused Serialized files (Serialized files now loaded: 0)
System memory in use before: 138.9 MB.
System memory in use after: 139.0 MB.

Unloading 4 unused Assets to reduce memory usage. Loaded Objects now: 1921.
Total: 2.222327 ms (FindLiveObjects: 0.232073 ms CreateObjectMapping: 0.095621 ms MarkObjects: 1.874904 ms  DeleteObjects: 0.018072 ms)

========================================================================
Received Prepare
Registering precompiled user dll's ...
Registered in 0.000489 seconds.
Begin MonoManager ReloadAssembly
Native extension for OSXStandalone target not found
Native extension for WebGL target not found
Refreshing native plugins compatible for Editor in 0.24 ms, found 1 plugins.
Preloading 0 native plugins for Editor in 0.00 ms.
Invoked RoslynAnalysisRunner static constructor.
RoslynAnalysisRunner will not be running.
RoslynAnalysisRunner has terminated.
Mono: successfully reloaded assembly
- Completed reload, in  1.086 seconds
Platform modules already initialized, skipping
Refreshing native plugins compatible for Editor in 0.26 ms, found 1 plugins.
Preloading 0 native plugins for Editor in 0.00 ms.
Unloading 1410 Unused Serialized files (Serialized files now loaded: 0)
System memory in use before: 139.1 MB.
System memory in use after: 139.2 MB.

Unloading 4 unused Assets to reduce memory usage. Loaded Objects now: 1924.
Total: 1.924955 ms (FindLiveObjects: 0.165209 ms CreateObjectMapping: 0.047735 ms MarkObjects: 1.697877 ms  DeleteObjects: 0.013141 ms)

========================================================================
Received Prepare
Registering precompiled user dll's ...
Registered in 0.000467 seconds.
Begin MonoManager ReloadAssembly
Native extension for OSXStandalone target not found
Native extension for WebGL target not found
Refreshing native plugins compatible for Editor in 0.28 ms, found 1 plugins.
Preloading 0 native plugins for Editor in 0.00 ms.
Invoked RoslynAnalysisRunner static constructor.
RoslynAnalysisRunner will not be running.
RoslynAnalysisRunner has terminated.
Mono: successfully reloaded assembly
- Completed reload, in  1.114 seconds
Platform modules already initialized, skipping
Refreshing native plugins compatible for Editor in 0.35 ms, found 1 plugins.
Preloading 0 native plugins for Editor in 0.00 ms.
Unloading 1410 Unused Serialized files (Serialized files now loaded: 0)
System memory in use before: 139.3 MB.
System memory in use after: 139.4 MB.

Unloading 4 unused Assets to reduce memory usage. Loaded Objects now: 1927.
Total: 2.018218 ms (FindLiveObjects: 0.235775 ms CreateObjectMapping: 0.049156 ms MarkObjects: 1.718443 ms  DeleteObjects: 0.013814 ms)

========================================================================
Received Prepare
Registering precompiled user dll's ...
Registered in 0.000466 seconds.
Begin MonoManager ReloadAssembly
Native extension for OSXStandalone target not found
Native extension for WebGL target not found
Refreshing native plugins compatible for Editor in 0.24 ms, found 1 plugins.
Preloading 0 native plugins for Editor in 0.00 ms.
Invoked RoslynAnalysisRunner static constructor.
RoslynAnalysisRunner will not be running.
RoslynAnalysisRunner has terminated.
Mono: successfully reloaded assembly
- Completed reload, in  1.051 seconds
Platform modules already initialized, skipping
Refreshing native plugins compatible for Editor in 0.25 ms, found 1 plugins.
Preloading 0 native plugins for Editor in 0.00 ms.
Unloading 1410 Unused Serialized files (Serialized files now loaded: 0)
System memory in use before: 139.4 MB.
System memory in use after: 139.6 MB.

Unloading 4 unused Assets to reduce memory usage. Loaded Objects now: 1930.
Total: 1.719233 ms (FindLiveObjects: 0.170849 ms CreateObjectMapping: 0.048784 ms MarkObjects: 1.484625 ms  DeleteObjects: 0.013883 ms)

========================================================================
Received Import Request.
  Time since last request: 538.501764 seconds.
  path: Assets/Match 3 Starter/Prefabs/Managers and UI/GUIManagerCanvas.prefab
  artifactKey: Guid(6a2e44e682f3ea5469046c0ccfa27945) Importer(815301076,1909f56bfc062723c751e8b465ee728b)
Start importing Assets/Match 3 Starter/Prefabs/Managers and UI/GUIManagerCanvas.prefab using Guid(6a2e44e682f3ea5469046c0ccfa27945) Importer(815301076,1909f56bfc062723c751e8b465ee728b)  -> (artifact id: 'e4ffe491f045a73d5192195e053089bb') in 0.056399 seconds
  Import took 0.059180 seconds .

========================================================================
Received Import Request.
  Time since last request: 9.217091 seconds.
  path: Assets/Match 3 Starter/Prefabs/Managers and UI/GUIManagerCanvas.prefab
  artifactKey: Guid(6a2e44e682f3ea5469046c0ccfa27945) Importer(815301076,1909f56bfc062723c751e8b465ee728b)
Start importing Assets/Match 3 Starter/Prefabs/Managers and UI/GUIManagerCanvas.prefab using Guid(6a2e44e682f3ea5469046c0ccfa27945) Importer(815301076,1909f56bfc062723c751e8b465ee728b)  -> (artifact id: 'bfaff9f3fc37f722a13f67accaf5ca56') in 0.009383 seconds
  Import took 0.012221 seconds .

========================================================================
Received Prepare
Registering precompiled user dll's ...
Registered in 0.000461 seconds.
Begin MonoManager ReloadAssembly
Native extension for OSXStandalone target not found
Native extension for WebGL target not found
Refreshing native plugins compatible for Editor in 0.26 ms, found 1 plugins.
Preloading 0 native plugins for Editor in 0.00 ms.
Invoked RoslynAnalysisRunner static constructor.
RoslynAnalysisRunner will not be running.
RoslynAnalysisRunner has terminated.
Mono: successfully reloaded assembly
- Completed reload, in  1.146 seconds
Platform modules already initialized, skipping
Refreshing native plugins compatible for Editor in 0.25 ms, found 1 plugins.
Preloading 0 native plugins for Editor in 0.00 ms.
Unloading 1410 Unused Serialized files (Serialized files now loaded: 0)
System memory in use before: 139.7 MB.
System memory in use after: 139.8 MB.

Unloading 5 unused Assets to reduce memory usage. Loaded Objects now: 1933.
Total: 1.934794 ms (FindLiveObjects: 0.203156 ms CreateObjectMapping: 0.046168 ms MarkObjects: 1.665926 ms  DeleteObjects: 0.018479 ms)

========================================================================
Received Prepare
Registering precompiled user dll's ...
Registered in 0.000518 seconds.
Begin MonoManager ReloadAssembly
Native extension for OSXStandalone target not found
Native extension for WebGL target not found
Refreshing native plugins compatible for Editor in 0.27 ms, found 1 plugins.
Preloading 0 native plugins for Editor in 0.00 ms.
Invoked RoslynAnalysisRunner static constructor.
RoslynAnalysisRunner will not be running.
RoslynAnalysisRunner has terminated.
Mono: successfully reloaded assembly
- Completed reload, in  1.171 seconds
Platform modules already initialized, skipping
Refreshing native plugins compatible for Editor in 0.28 ms, found 1 plugins.
Preloading 0 native plugins for Editor in 0.00 ms.
Unloading 1410 Unused Serialized files (Serialized files now loaded: 0)
System memory in use before: 139.8 MB.
System memory in use after: 139.9 MB.

Unloading 4 unused Assets to reduce memory usage. Loaded Objects now: 1936.
Total: 1.818180 ms (FindLiveObjects: 0.212550 ms CreateObjectMapping: 0.044236 ms MarkObjects: 1.544355 ms  DeleteObjects: 0.015892 ms)

========================================================================
Received Prepare
Registering precompiled user dll's ...
Registered in 0.000636 seconds.
Begin MonoManager ReloadAssembly
Native extension for OSXStandalone target not found
Native extension for WebGL target not found
Refreshing native plugins compatible for Editor in 0.32 ms, found 1 plugins.
Preloading 0 native plugins for Editor in 0.00 ms.
Invoked RoslynAnalysisRunner static constructor.
RoslynAnalysisRunner will not be running.
RoslynAnalysisRunner has terminated.
Mono: successfully reloaded assembly
- Completed reload, in  1.090 seconds
Platform modules already initialized, skipping
Refreshing native plugins compatible for Editor in 0.24 ms, found 1 plugins.
Preloading 0 native plugins for Editor in 0.00 ms.
Unloading 1410 Unused Serialized files (Serialized files now loaded: 0)
System memory in use before: 140.0 MB.
System memory in use after: 140.1 MB.

Unloading 4 unused Assets to reduce memory usage. Loaded Objects now: 1939.
Total: 2.138784 ms (FindLiveObjects: 0.237692 ms CreateObjectMapping: 0.048946 ms MarkObjects: 1.836474 ms  DeleteObjects: 0.014496 ms)

========================================================================
Received Prepare
Registering precompiled user dll's ...
Registered in 0.000461 seconds.
Begin MonoManager ReloadAssembly
Native extension for OSXStandalone target not found
Native extension for WebGL target not found
Refreshing native plugins compatible for Editor in 0.24 ms, found 1 plugins.
Preloading 0 native plugins for Editor in 0.00 ms.
Invoked RoslynAnalysisRunner static constructor.
RoslynAnalysisRunner will not be running.
RoslynAnalysisRunner has terminated.
Mono: successfully reloaded assembly
- Completed reload, in  1.110 seconds
Platform modules already initialized, skipping
Refreshing native plugins compatible for Editor in 0.34 ms, found 1 plugins.
Preloading 0 native plugins for Editor in 0.00 ms.
Unloading 1410 Unused Serialized files (Serialized files now loaded: 0)
System memory in use before: 140.2 MB.
System memory in use after: 140.3 MB.

Unloading 4 unused Assets to reduce memory usage. Loaded Objects now: 1942.
Total: 1.855235 ms (FindLiveObjects: 0.216049 ms CreateObjectMapping: 0.055230 ms MarkObjects: 1.567269 ms  DeleteObjects: 0.015568 ms)

========================================================================
Received Prepare
Registering precompiled user dll's ...
Registered in 0.000718 seconds.
Begin MonoManager ReloadAssembly
Native extension for OSXStandalone target not found
Native extension for WebGL target not found
Refreshing native plugins compatible for Editor in 0.25 ms, found 1 plugins.
Preloading 0 native plugins for Editor in 0.00 ms.
Invoked RoslynAnalysisRunner static constructor.
RoslynAnalysisRunner will not be running.
RoslynAnalysisRunner has terminated.
Mono: successfully reloaded assembly
- Completed reload, in  1.129 seconds
Platform modules already initialized, skipping
Refreshing native plugins compatible for Editor in 0.25 ms, found 1 plugins.
Preloading 0 native plugins for Editor in 0.00 ms.
Unloading 1410 Unused Serialized files (Serialized files now loaded: 0)
System memory in use before: 140.4 MB.
System memory in use after: 140.5 MB.

Unloading 4 unused Assets to reduce memory usage. Loaded Objects now: 1945.
Total: 2.198417 ms (FindLiveObjects: 0.222788 ms CreateObjectMapping: 0.053564 ms MarkObjects: 1.888334 ms  DeleteObjects: 0.032225 ms)

========================================================================
Received Prepare
Registering precompiled user dll's ...
Registered in 0.000502 seconds.
Begin MonoManager ReloadAssembly
Native extension for OSXStandalone target not found
Native extension for WebGL target not found
Refreshing native plugins compatible for Editor in 0.25 ms, found 1 plugins.
Preloading 0 native plugins for Editor in 0.00 ms.
Invoked RoslynAnalysisRunner static constructor.
RoslynAnalysisRunner will not be running.
RoslynAnalysisRunner has terminated.
Mono: successfully reloaded assembly
- Completed reload, in  1.171 seconds
Platform modules already initialized, skipping
Refreshing native plugins compatible for Editor in 0.25 ms, found 1 plugins.
Preloading 0 native plugins for Editor in 0.00 ms.
Unloading 1410 Unused Serialized files (Serialized files now loaded: 0)
System memory in use before: 140.6 MB.
System memory in use after: 140.7 MB.

Unloading 4 unused Assets to reduce memory usage. Loaded Objects now: 1948.
Total: 1.866804 ms (FindLiveObjects: 0.225090 ms CreateObjectMapping: 0.053687 ms MarkObjects: 1.569537 ms  DeleteObjects: 0.016833 ms)

========================================================================
Received Prepare
Registering precompiled user dll's ...
Registered in 0.000458 seconds.
Begin MonoManager ReloadAssembly
Native extension for OSXStandalone target not found
Native extension for WebGL target not found
Refreshing native plugins compatible for Editor in 0.24 ms, found 1 plugins.
Preloading 0 native plugins for Editor in 0.00 ms.
Invoked RoslynAnalysisRunner static constructor.
RoslynAnalysisRunner will not be running.
RoslynAnalysisRunner has terminated.
Mono: successfully reloaded assembly
- Completed reload, in  1.167 seconds
Platform modules already initialized, skipping
Refreshing native plugins compatible for Editor in 0.25 ms, found 1 plugins.
Preloading 0 native plugins for Editor in 0.00 ms.
Unloading 1410 Unused Serialized files (Serialized files now loaded: 0)
System memory in use before: 140.7 MB.
System memory in use after: 140.8 MB.

Unloading 4 unused Assets to reduce memory usage. Loaded Objects now: 1951.
Total: 1.908356 ms (FindLiveObjects: 0.236823 ms CreateObjectMapping: 0.043056 ms MarkObjects: 1.578051 ms  DeleteObjects: 0.049455 ms)

========================================================================
Received Prepare
Registering precompiled user dll's ...
Registered in 0.000753 seconds.
Begin MonoManager ReloadAssembly
Native extension for OSXStandalone target not found
Native extension for WebGL target not found
Refreshing native plugins compatible for Editor in 0.24 ms, found 1 plugins.
Preloading 0 native plugins for Editor in 0.00 ms.
Invoked RoslynAnalysisRunner static constructor.
RoslynAnalysisRunner will not be running.
RoslynAnalysisRunner has terminated.
Mono: successfully reloaded assembly
- Completed reload, in  1.152 seconds
Platform modules already initialized, skipping
Refreshing native plugins compatible for Editor in 0.24 ms, found 1 plugins.
Preloading 0 native plugins for Editor in 0.00 ms.
Unloading 1410 Unused Serialized files (Serialized files now loaded: 0)
System memory in use before: 140.9 MB.
System memory in use after: 141.0 MB.

Unloading 4 unused Assets to reduce memory usage. Loaded Objects now: 1954.
Total: 1.908277 ms (FindLiveObjects: 0.246968 ms CreateObjectMapping: 0.078779 ms MarkObjects: 1.564870 ms  DeleteObjects: 0.015672 ms)

========================================================================
Received Prepare
Registering precompiled user dll's ...
Registered in 0.000444 seconds.
Begin MonoManager ReloadAssembly
Native extension for OSXStandalone target not found
Native extension for WebGL target not found
Refreshing native plugins compatible for Editor in 0.25 ms, found 1 plugins.
Preloading 0 native plugins for Editor in 0.00 ms.
Invoked RoslynAnalysisRunner static constructor.
RoslynAnalysisRunner will not be running.
RoslynAnalysisRunner has terminated.
Mono: successfully reloaded assembly
- Completed reload, in  1.137 seconds
Platform modules already initialized, skipping
Refreshing native plugins compatible for Editor in 0.26 ms, found 1 plugins.
Preloading 0 native plugins for Editor in 0.00 ms.
Unloading 1410 Unused Serialized files (Serialized files now loaded: 0)
System memory in use before: 141.1 MB.
System memory in use after: 141.2 MB.

Unloading 4 unused Assets to reduce memory usage. Loaded Objects now: 1957.
Total: 1.872381 ms (FindLiveObjects: 0.195488 ms CreateObjectMapping: 0.059544 ms MarkObjects: 1.598489 ms  DeleteObjects: 0.017413 ms)

========================================================================
Received Prepare
Registering precompiled user dll's ...
Registered in 0.000502 seconds.
Begin MonoManager ReloadAssembly
Native extension for OSXStandalone target not found
Native extension for WebGL target not found
Refreshing native plugins compatible for Editor in 0.25 ms, found 1 plugins.
Preloading 0 native plugins for Editor in 0.00 ms.
Invoked RoslynAnalysisRunner static constructor.
RoslynAnalysisRunner will not be running.
RoslynAnalysisRunner has terminated.
Mono: successfully reloaded assembly
- Completed reload, in  1.068 seconds
Platform modules already initialized, skipping
Refreshing native plugins compatible for Editor in 0.25 ms, found 1 plugins.
Preloading 0 native plugins for Editor in 0.00 ms.
Unloading 1410 Unused Serialized files (Serialized files now loaded: 0)
System memory in use before: 141.3 MB.
System memory in use after: 141.4 MB.

Unloading 4 unused Assets to reduce memory usage. Loaded Objects now: 1960.
Total: 1.763541 ms (FindLiveObjects: 0.272887 ms CreateObjectMapping: 0.049295 ms MarkObjects: 1.427799 ms  DeleteObjects: 0.012564 ms)

========================================================================
Received Prepare
Registering precompiled user dll's ...
Registered in 0.000641 seconds.
Begin MonoManager ReloadAssembly
Native extension for OSXStandalone target not found
Native extension for WebGL target not found
Refreshing native plugins compatible for Editor in 0.25 ms, found 1 plugins.
Preloading 0 native plugins for Editor in 0.00 ms.
Invoked RoslynAnalysisRunner static constructor.
RoslynAnalysisRunner will not be running.
RoslynAnalysisRunner has terminated.
Mono: successfully reloaded assembly
- Completed reload, in  1.106 seconds
Platform modules already initialized, skipping
Refreshing native plugins compatible for Editor in 0.25 ms, found 1 plugins.
Preloading 0 native plugins for Editor in 0.00 ms.
Unloading 1410 Unused Serialized files (Serialized files now loaded: 0)
System memory in use before: 141.5 MB.
System memory in use after: 141.6 MB.

Unloading 4 unused Assets to reduce memory usage. Loaded Objects now: 1963.
Total: 1.971946 ms (FindLiveObjects: 0.265785 ms CreateObjectMapping: 0.054060 ms MarkObjects: 1.636641 ms  DeleteObjects: 0.014228 ms)

========================================================================
Received Prepare
Registering precompiled user dll's ...
Registered in 0.000550 seconds.
Begin MonoManager ReloadAssembly
Native extension for OSXStandalone target not found
Native extension for WebGL target not found
Refreshing native plugins compatible for Editor in 0.26 ms, found 1 plugins.
Preloading 0 native plugins for Editor in 0.00 ms.
Invoked RoslynAnalysisRunner static constructor.
RoslynAnalysisRunner will not be running.
RoslynAnalysisRunner has terminated.
Mono: successfully reloaded assembly
- Completed reload, in  1.091 seconds
Platform modules already initialized, skipping
Refreshing native plugins compatible for Editor in 0.27 ms, found 1 plugins.
Preloading 0 native plugins for Editor in 0.00 ms.
Unloading 1410 Unused Serialized files (Serialized files now loaded: 0)
System memory in use before: 141.7 MB.
System memory in use after: 141.8 MB.

Unloading 4 unused Assets to reduce memory usage. Loaded Objects now: 1966.
Total: 1.962180 ms (FindLiveObjects: 0.211054 ms CreateObjectMapping: 0.062046 ms MarkObjects: 1.670598 ms  DeleteObjects: 0.016846 ms)

========================================================================
Received Prepare
Registering precompiled user dll's ...
Registered in 0.000494 seconds.
Begin MonoManager ReloadAssembly
Native extension for OSXStandalone target not found
Native extension for WebGL target not found
Refreshing native plugins compatible for Editor in 0.26 ms, found 1 plugins.
Preloading 0 native plugins for Editor in 0.00 ms.
Invoked RoslynAnalysisRunner static constructor.
RoslynAnalysisRunner will not be running.
RoslynAnalysisRunner has terminated.
Mono: successfully reloaded assembly
- Completed reload, in  1.160 seconds
Platform modules already initialized, skipping
Refreshing native plugins compatible for Editor in 0.27 ms, found 1 plugins.
Preloading 0 native plugins for Editor in 0.00 ms.
Unloading 1410 Unused Serialized files (Serialized files now loaded: 0)
System memory in use before: 141.9 MB.
System memory in use after: 142.0 MB.

Unloading 4 unused Assets to reduce memory usage. Loaded Objects now: 1969.
Total: 2.256059 ms (FindLiveObjects: 0.217020 ms CreateObjectMapping: 0.076926 ms MarkObjects: 1.943210 ms  DeleteObjects: 0.017516 ms)

========================================================================
Received Prepare
Registering precompiled user dll's ...
Registered in 0.000445 seconds.
Begin MonoManager ReloadAssembly
Native extension for OSXStandalone target not found
Native extension for WebGL target not found
Refreshing native plugins compatible for Editor in 0.25 ms, found 1 plugins.
Preloading 0 native plugins for Editor in 0.00 ms.
Invoked RoslynAnalysisRunner static constructor.
RoslynAnalysisRunner will not be running.
RoslynAnalysisRunner has terminated.
Mono: successfully reloaded assembly
- Completed reload, in  1.119 seconds
Platform modules already initialized, skipping
Refreshing native plugins compatible for Editor in 0.26 ms, found 1 plugins.
Preloading 0 native plugins for Editor in 0.00 ms.
Unloading 1410 Unused Serialized files (Serialized files now loaded: 0)
System memory in use before: 142.0 MB.
System memory in use after: 142.2 MB.

Unloading 4 unused Assets to reduce memory usage. Loaded Objects now: 1972.
Total: 2.442925 ms (FindLiveObjects: 0.262050 ms CreateObjectMapping: 0.076520 ms MarkObjects: 2.088305 ms  DeleteObjects: 0.014677 ms)

========================================================================
Received Import Request.
  Time since last request: 2845.688446 seconds.
  path: Assets/Match 3 Starter/Scripts/Board and Grid/BoardManager.cs
  artifactKey: Guid(e876fa5ec886ee049b6ba63e17e0e477) Importer(815301076,1909f56bfc062723c751e8b465ee728b)
Start importing Assets/Match 3 Starter/Scripts/Board and Grid/BoardManager.cs using Guid(e876fa5ec886ee049b6ba63e17e0e477) Importer(815301076,1909f56bfc062723c751e8b465ee728b)  -> (artifact id: '6c304710f512a64aeb5b3859ef696352') in 0.007125 seconds
  Import took 0.009945 seconds .

========================================================================
Received Prepare
Registering precompiled user dll's ...
Registered in 0.000480 seconds.
Begin MonoManager ReloadAssembly
Native extension for OSXStandalone target not found
Native extension for WebGL target not found
Refreshing native plugins compatible for Editor in 0.30 ms, found 1 plugins.
Preloading 0 native plugins for Editor in 0.00 ms.
Invoked RoslynAnalysisRunner static constructor.
RoslynAnalysisRunner will not be running.
RoslynAnalysisRunner has terminated.
Mono: successfully reloaded assembly
- Completed reload, in  1.156 seconds
Platform modules already initialized, skipping
Refreshing native plugins compatible for Editor in 0.24 ms, found 1 plugins.
Preloading 0 native plugins for Editor in 0.00 ms.
Unloading 1410 Unused Serialized files (Serialized files now loaded: 0)
System memory in use before: 142.2 MB.
System memory in use after: 142.3 MB.

Unloading 4 unused Assets to reduce memory usage. Loaded Objects now: 1975.
Total: 1.703551 ms (FindLiveObjects: 0.261396 ms CreateObjectMapping: 0.046291 ms MarkObjects: 1.381734 ms  DeleteObjects: 0.012916 ms)

========================================================================
Received Import Request.
  Time since last request: 26.794896 seconds.
  path: Assets/Match 3 Starter/Scripts/Board and Grid/BoardManager.cs
  artifactKey: Guid(e876fa5ec886ee049b6ba63e17e0e477) Importer(815301076,1909f56bfc062723c751e8b465ee728b)
Start importing Assets/Match 3 Starter/Scripts/Board and Grid/BoardManager.cs using Guid(e876fa5ec886ee049b6ba63e17e0e477) Importer(815301076,1909f56bfc062723c751e8b465ee728b)  -> (artifact id: 'c6044e2728c9be9d5fd9eac02ce73475') in 0.006702 seconds
  Import took 0.009425 seconds .

========================================================================
Received Prepare
Registering precompiled user dll's ...
Registered in 0.000785 seconds.
Begin MonoManager ReloadAssembly
Native extension for OSXStandalone target not found
Native extension for WebGL target not found
Refreshing native plugins compatible for Editor in 0.25 ms, found 1 plugins.
Preloading 0 native plugins for Editor in 0.00 ms.
Invoked RoslynAnalysisRunner static constructor.
RoslynAnalysisRunner will not be running.
RoslynAnalysisRunner has terminated.
Mono: successfully reloaded assembly
- Completed reload, in  1.105 seconds
Platform modules already initialized, skipping
Refreshing native plugins compatible for Editor in 0.38 ms, found 1 plugins.
Preloading 0 native plugins for Editor in 0.00 ms.
Unloading 1410 Unused Serialized files (Serialized files now loaded: 0)
System memory in use before: 142.4 MB.
System memory in use after: 142.5 MB.

Unloading 4 unused Assets to reduce memory usage. Loaded Objects now: 1978.
Total: 1.851930 ms (FindLiveObjects: 0.189287 ms CreateObjectMapping: 0.053837 ms MarkObjects: 1.590298 ms  DeleteObjects: 0.017328 ms)

========================================================================
Received Import Request.
  Time since last request: 120.999359 seconds.
  path: Assets/Match 3 Starter/Scripts/Board and Grid/BoardManager.cs
  artifactKey: Guid(e876fa5ec886ee049b6ba63e17e0e477) Importer(815301076,1909f56bfc062723c751e8b465ee728b)
Start importing Assets/Match 3 Starter/Scripts/Board and Grid/BoardManager.cs using Guid(e876fa5ec886ee049b6ba63e17e0e477) Importer(815301076,1909f56bfc062723c751e8b465ee728b)  -> (artifact id: '0d89bf82c6df41f93b16afe9f90b584a') in 0.005962 seconds
  Import took 0.008678 seconds .

========================================================================
Received Import Request.
  Time since last request: 245.759780 seconds.
  path: Assets/Match 3 Starter/Scripts/Board and Grid/Tile.cs
  artifactKey: Guid(f86f53e3a0b4ac048b452577bcabc93a) Importer(815301076,1909f56bfc062723c751e8b465ee728b)
Start importing Assets/Match 3 Starter/Scripts/Board and Grid/Tile.cs using Guid(f86f53e3a0b4ac048b452577bcabc93a) Importer(815301076,1909f56bfc062723c751e8b465ee728b)  -> (artifact id: '1337c2a1990ef1f17b9349d0db11b8e7') in 0.003847 seconds
  Import took 0.006777 seconds .

========================================================================
Received Import Request.
  Time since last request: 49.328048 seconds.
  path: Assets/Match 3 Starter/Scripts/Board and Grid/Tile.cs
  artifactKey: Guid(f86f53e3a0b4ac048b452577bcabc93a) Importer(815301076,1909f56bfc062723c751e8b465ee728b)
Start importing Assets/Match 3 Starter/Scripts/Board and Grid/Tile.cs using Guid(f86f53e3a0b4ac048b452577bcabc93a) Importer(815301076,1909f56bfc062723c751e8b465ee728b)  -> (artifact id: '03d06fa4851a4f4747a8cf9679583791') in 0.004007 seconds
  Import took 0.008691 seconds .

========================================================================
Received Prepare
Registering precompiled user dll's ...
Registered in 0.000473 seconds.
Begin MonoManager ReloadAssembly
Native extension for OSXStandalone target not found
Native extension for WebGL target not found
Refreshing native plugins compatible for Editor in 0.27 ms, found 1 plugins.
Preloading 0 native plugins for Editor in 0.00 ms.
Invoked RoslynAnalysisRunner static constructor.
RoslynAnalysisRunner will not be running.
RoslynAnalysisRunner has terminated.
Mono: successfully reloaded assembly
- Completed reload, in  1.126 seconds
Platform modules already initialized, skipping
Refreshing native plugins compatible for Editor in 0.29 ms, found 1 plugins.
Preloading 0 native plugins for Editor in 0.00 ms.
Unloading 1410 Unused Serialized files (Serialized files now loaded: 0)
System memory in use before: 142.6 MB.
System memory in use after: 142.7 MB.

Unloading 4 unused Assets to reduce memory usage. Loaded Objects now: 1981.
Total: 2.064840 ms (FindLiveObjects: 0.212847 ms CreateObjectMapping: 0.076208 ms MarkObjects: 1.732874 ms  DeleteObjects: 0.028764 ms)

========================================================================
Received Import Request.
  Time since last request: 25.357483 seconds.
  path: Assets/Match 3 Starter/Scripts/Board and Grid/Tile.cs
  artifactKey: Guid(f86f53e3a0b4ac048b452577bcabc93a) Importer(815301076,1909f56bfc062723c751e8b465ee728b)
Start importing Assets/Match 3 Starter/Scripts/Board and Grid/Tile.cs using Guid(f86f53e3a0b4ac048b452577bcabc93a) Importer(815301076,1909f56bfc062723c751e8b465ee728b)  -> (artifact id: 'de3eeec89a02e2a3ab8fba2374d57030') in 0.007079 seconds
  Import took 0.009938 seconds .

========================================================================
Received Prepare
Registering precompiled user dll's ...
Registered in 0.000539 seconds.
Begin MonoManager ReloadAssembly
Native extension for OSXStandalone target not found
Native extension for WebGL target not found
Refreshing native plugins compatible for Editor in 0.25 ms, found 1 plugins.
Preloading 0 native plugins for Editor in 0.00 ms.
Invoked RoslynAnalysisRunner static constructor.
RoslynAnalysisRunner will not be running.
RoslynAnalysisRunner has terminated.
Mono: successfully reloaded assembly
- Completed reload, in  1.121 seconds
Platform modules already initialized, skipping
Refreshing native plugins compatible for Editor in 0.24 ms, found 1 plugins.
Preloading 0 native plugins for Editor in 0.00 ms.
Unloading 1410 Unused Serialized files (Serialized files now loaded: 0)
System memory in use before: 142.8 MB.
System memory in use after: 142.9 MB.

Unloading 4 unused Assets to reduce memory usage. Loaded Objects now: 1984.
Total: 1.779588 ms (FindLiveObjects: 0.249874 ms CreateObjectMapping: 0.080848 ms MarkObjects: 1.434574 ms  DeleteObjects: 0.013279 ms)

========================================================================
Received Prepare
Registering precompiled user dll's ...
Registered in 0.000473 seconds.
Begin MonoManager ReloadAssembly
Native extension for OSXStandalone target not found
Native extension for WebGL target not found
Refreshing native plugins compatible for Editor in 0.24 ms, found 1 plugins.
Preloading 0 native plugins for Editor in 0.00 ms.
Invoked RoslynAnalysisRunner static constructor.
RoslynAnalysisRunner will not be running.
RoslynAnalysisRunner has terminated.
Mono: successfully reloaded assembly
- Completed reload, in  1.126 seconds
Platform modules already initialized, skipping
Refreshing native plugins compatible for Editor in 0.31 ms, found 1 plugins.
Preloading 0 native plugins for Editor in 0.00 ms.
Unloading 1410 Unused Serialized files (Serialized files now loaded: 0)
System memory in use before: 143.0 MB.
System memory in use after: 143.1 MB.

Unloading 4 unused Assets to reduce memory usage. Loaded Objects now: 1987.
Total: 1.897590 ms (FindLiveObjects: 0.248488 ms CreateObjectMapping: 0.047472 ms MarkObjects: 1.586905 ms  DeleteObjects: 0.013678 ms)

========================================================================
Received Import Request.
  Time since last request: 195.674316 seconds.
  path: Assets/Match 3 Starter/Scripts/Board and Grid/Tile.cs
  artifactKey: Guid(f86f53e3a0b4ac048b452577bcabc93a) Importer(815301076,1909f56bfc062723c751e8b465ee728b)
Start importing Assets/Match 3 Starter/Scripts/Board and Grid/Tile.cs using Guid(f86f53e3a0b4ac048b452577bcabc93a) Importer(815301076,1909f56bfc062723c751e8b465ee728b)  -> (artifact id: 'e503cfd67bc02d26a12222119f98e04f') in 0.007336 seconds
  Import took 0.009665 seconds .

========================================================================
Received Prepare
Registering precompiled user dll's ...
Registered in 0.000569 seconds.
Begin MonoManager ReloadAssembly
Native extension for OSXStandalone target not found
Native extension for WebGL target not found
Refreshing native plugins compatible for Editor in 0.26 ms, found 1 plugins.
Preloading 0 native plugins for Editor in 0.00 ms.
Invoked RoslynAnalysisRunner static constructor.
RoslynAnalysisRunner will not be running.
RoslynAnalysisRunner has terminated.
Mono: successfully reloaded assembly
- Completed reload, in  1.119 seconds
Platform modules already initialized, skipping
Refreshing native plugins compatible for Editor in 0.24 ms, found 1 plugins.
Preloading 0 native plugins for Editor in 0.00 ms.
Unloading 1410 Unused Serialized files (Serialized files now loaded: 0)
System memory in use before: 143.2 MB.
System memory in use after: 143.3 MB.

Unloading 4 unused Assets to reduce memory usage. Loaded Objects now: 1990.
Total: 1.741699 ms (FindLiveObjects: 0.227446 ms CreateObjectMapping: 0.042880 ms MarkObjects: 1.457627 ms  DeleteObjects: 0.012897 ms)

========================================================================
Received Import Request.
  Time since last request: 65.918844 seconds.
  path: Assets/Match 3 Starter/Scripts/Board and Grid/Tile.cs
  artifactKey: Guid(f86f53e3a0b4ac048b452577bcabc93a) Importer(815301076,1909f56bfc062723c751e8b465ee728b)
Start importing Assets/Match 3 Starter/Scripts/Board and Grid/Tile.cs using Guid(f86f53e3a0b4ac048b452577bcabc93a) Importer(815301076,1909f56bfc062723c751e8b465ee728b)  -> (artifact id: 'bdb75edfd7feeca7fbc278cb7f7b87cc') in 0.006972 seconds
  Import took 0.009331 seconds .

========================================================================
Received Prepare
Registering precompiled user dll's ...
Registered in 0.000500 seconds.
Begin MonoManager ReloadAssembly
Native extension for OSXStandalone target not found
Native extension for WebGL target not found
Refreshing native plugins compatible for Editor in 0.37 ms, found 1 plugins.
Preloading 0 native plugins for Editor in 0.00 ms.
Invoked RoslynAnalysisRunner static constructor.
RoslynAnalysisRunner will not be running.
RoslynAnalysisRunner has terminated.
Mono: successfully reloaded assembly
- Completed reload, in  1.183 seconds
Platform modules already initialized, skipping
Refreshing native plugins compatible for Editor in 0.29 ms, found 1 plugins.
Preloading 0 native plugins for Editor in 0.00 ms.
Unloading 1410 Unused Serialized files (Serialized files now loaded: 0)
System memory in use before: 143.4 MB.
System memory in use after: 143.5 MB.

Unloading 4 unused Assets to reduce memory usage. Loaded Objects now: 1993.
Total: 1.717775 ms (FindLiveObjects: 0.218080 ms CreateObjectMapping: 0.053633 ms MarkObjects: 1.429543 ms  DeleteObjects: 0.015456 ms)

========================================================================
Received Import Request.
  Time since last request: 186.920607 seconds.
  path: Assets/Match 3 Starter/Scripts/Board and Grid/Tile.cs
  artifactKey: Guid(f86f53e3a0b4ac048b452577bcabc93a) Importer(815301076,1909f56bfc062723c751e8b465ee728b)
Start importing Assets/Match 3 Starter/Scripts/Board and Grid/Tile.cs using Guid(f86f53e3a0b4ac048b452577bcabc93a) Importer(815301076,1909f56bfc062723c751e8b465ee728b)  -> (artifact id: 'adae65049641fa850f61950d5fcf254b') in 0.005807 seconds
  Import took 0.008114 seconds .

========================================================================
Received Prepare
Registering precompiled user dll's ...
Registered in 0.000736 seconds.
Begin MonoManager ReloadAssembly
Native extension for OSXStandalone target not found
Native extension for WebGL target not found
Refreshing native plugins compatible for Editor in 0.25 ms, found 1 plugins.
Preloading 0 native plugins for Editor in 0.00 ms.
Invoked RoslynAnalysisRunner static constructor.
RoslynAnalysisRunner will not be running.
RoslynAnalysisRunner has terminated.
Mono: successfully reloaded assembly
- Completed reload, in  1.123 seconds
Platform modules already initialized, skipping
Refreshing native plugins compatible for Editor in 0.24 ms, found 1 plugins.
Preloading 0 native plugins for Editor in 0.00 ms.
Unloading 1410 Unused Serialized files (Serialized files now loaded: 0)
System memory in use before: 143.5 MB.
System memory in use after: 143.6 MB.

Unloading 4 unused Assets to reduce memory usage. Loaded Objects now: 1996.
Total: 1.725824 ms (FindLiveObjects: 0.257054 ms CreateObjectMapping: 0.043902 ms MarkObjects: 1.411037 ms  DeleteObjects: 0.012895 ms)

========================================================================
Received Import Request.
  Time since last request: 32.053409 seconds.
  path: Assets/Match 3 Starter/Scripts/Board and Grid/Tile.cs
  artifactKey: Guid(f86f53e3a0b4ac048b452577bcabc93a) Importer(815301076,1909f56bfc062723c751e8b465ee728b)
Start importing Assets/Match 3 Starter/Scripts/Board and Grid/Tile.cs using Guid(f86f53e3a0b4ac048b452577bcabc93a) Importer(815301076,1909f56bfc062723c751e8b465ee728b)  -> (artifact id: '8548727d292b133b6542e083158c1f3a') in 0.005588 seconds
  Import took 0.008164 seconds .

========================================================================
Received Prepare
Registering precompiled user dll's ...
Registered in 0.000597 seconds.
Begin MonoManager ReloadAssembly
Native extension for OSXStandalone target not found
Native extension for WebGL target not found
Refreshing native plugins compatible for Editor in 0.24 ms, found 1 plugins.
Preloading 0 native plugins for Editor in 0.00 ms.
Invoked RoslynAnalysisRunner static constructor.
RoslynAnalysisRunner will not be running.
RoslynAnalysisRunner has terminated.
Mono: successfully reloaded assembly
- Completed reload, in  1.155 seconds
Platform modules already initialized, skipping
Refreshing native plugins compatible for Editor in 0.24 ms, found 1 plugins.
Preloading 0 native plugins for Editor in 0.00 ms.
Unloading 1410 Unused Serialized files (Serialized files now loaded: 0)
System memory in use before: 143.7 MB.
System memory in use after: 143.8 MB.

Unloading 4 unused Assets to reduce memory usage. Loaded Objects now: 1999.
Total: 1.970598 ms (FindLiveObjects: 0.193851 ms CreateObjectMapping: 0.051047 ms MarkObjects: 1.708960 ms  DeleteObjects: 0.015657 ms)

========================================================================
Received Import Request.
  Time since last request: 28.300969 seconds.
  path: Assets/Match 3 Starter/Scripts/Board and Grid/Tile.cs
  artifactKey: Guid(f86f53e3a0b4ac048b452577bcabc93a) Importer(815301076,1909f56bfc062723c751e8b465ee728b)
Start importing Assets/Match 3 Starter/Scripts/Board and Grid/Tile.cs using Guid(f86f53e3a0b4ac048b452577bcabc93a) Importer(815301076,1909f56bfc062723c751e8b465ee728b)  -> (artifact id: '1e92df08821594326990f1d47eeff816') in 0.007268 seconds
  Import took 0.009731 seconds .

========================================================================
Received Prepare
Registering precompiled user dll's ...
Registered in 0.000500 seconds.
Begin MonoManager ReloadAssembly
Native extension for OSXStandalone target not found
Native extension for WebGL target not found
Refreshing native plugins compatible for Editor in 0.25 ms, found 1 plugins.
Preloading 0 native plugins for Editor in 0.00 ms.
Invoked RoslynAnalysisRunner static constructor.
RoslynAnalysisRunner will not be running.
RoslynAnalysisRunner has terminated.
Mono: successfully reloaded assembly
- Completed reload, in  1.135 seconds
Platform modules already initialized, skipping
Refreshing native plugins compatible for Editor in 0.24 ms, found 1 plugins.
Preloading 0 native plugins for Editor in 0.00 ms.
Unloading 1410 Unused Serialized files (Serialized files now loaded: 0)
System memory in use before: 143.9 MB.
System memory in use after: 144.0 MB.

Unloading 4 unused Assets to reduce memory usage. Loaded Objects now: 2002.
Total: 1.869685 ms (FindLiveObjects: 0.181457 ms CreateObjectMapping: 0.051700 ms MarkObjects: 1.621157 ms  DeleteObjects: 0.014311 ms)

========================================================================
Received Import Request.
  Time since last request: 67.319655 seconds.
  path: Assets/Match 3 Starter/Scripts/Board and Grid/Tile.cs
  artifactKey: Guid(f86f53e3a0b4ac048b452577bcabc93a) Importer(815301076,1909f56bfc062723c751e8b465ee728b)
Start importing Assets/Match 3 Starter/Scripts/Board and Grid/Tile.cs using Guid(f86f53e3a0b4ac048b452577bcabc93a) Importer(815301076,1909f56bfc062723c751e8b465ee728b)  -> (artifact id: 'a7a916768df0f0238665b0f5e3920532') in 0.005840 seconds
  Import took 0.008316 seconds .

========================================================================
Received Prepare
Registering precompiled user dll's ...
Registered in 0.000602 seconds.
Begin MonoManager ReloadAssembly
Native extension for OSXStandalone target not found
Native extension for WebGL target not found
Refreshing native plugins compatible for Editor in 0.25 ms, found 1 plugins.
Preloading 0 native plugins for Editor in 0.00 ms.
Invoked RoslynAnalysisRunner static constructor.
RoslynAnalysisRunner will not be running.
RoslynAnalysisRunner has terminated.
Mono: successfully reloaded assembly
- Completed reload, in  1.171 seconds
Platform modules already initialized, skipping
Refreshing native plugins compatible for Editor in 0.25 ms, found 1 plugins.
Preloading 0 native plugins for Editor in 0.00 ms.
Unloading 1410 Unused Serialized files (Serialized files now loaded: 0)
System memory in use before: 144.1 MB.
System memory in use after: 144.2 MB.

Unloading 4 unused Assets to reduce memory usage. Loaded Objects now: 2005.
Total: 3.130437 ms (FindLiveObjects: 1.092297 ms CreateObjectMapping: 0.050741 ms MarkObjects: 1.968670 ms  DeleteObjects: 0.016448 ms)

========================================================================
Received Import Request.
  Time since last request: 58.729155 seconds.
  path: Assets/Match 3 Starter/Scripts/Board and Grid/Tile.cs
  artifactKey: Guid(f86f53e3a0b4ac048b452577bcabc93a) Importer(815301076,1909f56bfc062723c751e8b465ee728b)
Start importing Assets/Match 3 Starter/Scripts/Board and Grid/Tile.cs using Guid(f86f53e3a0b4ac048b452577bcabc93a) Importer(815301076,1909f56bfc062723c751e8b465ee728b)  -> (artifact id: '11ad0337e79a36e23654ec41ef1bff3f') in 0.005949 seconds
  Import took 0.008472 seconds .

========================================================================
Received Prepare
Registering precompiled user dll's ...
Registered in 0.000591 seconds.
Begin MonoManager ReloadAssembly
Native extension for OSXStandalone target not found
Native extension for WebGL target not found
Refreshing native plugins compatible for Editor in 0.27 ms, found 1 plugins.
Preloading 0 native plugins for Editor in 0.00 ms.
Invoked RoslynAnalysisRunner static constructor.
RoslynAnalysisRunner will not be running.
RoslynAnalysisRunner has terminated.
Mono: successfully reloaded assembly
- Completed reload, in  1.152 seconds
Platform modules already initialized, skipping
Refreshing native plugins compatible for Editor in 0.26 ms, found 1 plugins.
Preloading 0 native plugins for Editor in 0.00 ms.
Unloading 1410 Unused Serialized files (Serialized files now loaded: 0)
System memory in use before: 144.3 MB.
System memory in use after: 144.4 MB.

Unloading 4 unused Assets to reduce memory usage. Loaded Objects now: 2008.
Total: 1.895408 ms (FindLiveObjects: 0.257833 ms CreateObjectMapping: 0.070753 ms MarkObjects: 1.550851 ms  DeleteObjects: 0.014728 ms)

========================================================================
Received Import Request.
  Time since last request: 30.396950 seconds.
  path: Assets/Match 3 Starter/Scripts/Board and Grid/Tile.cs
  artifactKey: Guid(f86f53e3a0b4ac048b452577bcabc93a) Importer(815301076,1909f56bfc062723c751e8b465ee728b)
Start importing Assets/Match 3 Starter/Scripts/Board and Grid/Tile.cs using Guid(f86f53e3a0b4ac048b452577bcabc93a) Importer(815301076,1909f56bfc062723c751e8b465ee728b)  -> (artifact id: 'aedce13a49c6f6dcf85212934815d6a3') in 0.006046 seconds
  Import took 0.008512 seconds .

========================================================================
Received Prepare
Registering precompiled user dll's ...
Registered in 0.000534 seconds.
Begin MonoManager ReloadAssembly
Native extension for OSXStandalone target not found
Native extension for WebGL target not found
Refreshing native plugins compatible for Editor in 0.26 ms, found 1 plugins.
Preloading 0 native plugins for Editor in 0.00 ms.
Invoked RoslynAnalysisRunner static constructor.
RoslynAnalysisRunner will not be running.
RoslynAnalysisRunner has terminated.
Mono: successfully reloaded assembly
- Completed reload, in  1.129 seconds
Platform modules already initialized, skipping
Refreshing native plugins compatible for Editor in 0.26 ms, found 1 plugins.
Preloading 0 native plugins for Editor in 0.00 ms.
Unloading 1410 Unused Serialized files (Serialized files now loaded: 0)
System memory in use before: 144.4 MB.
System memory in use after: 144.6 MB.

Unloading 4 unused Assets to reduce memory usage. Loaded Objects now: 2011.
Total: 2.246692 ms (FindLiveObjects: 0.229174 ms CreateObjectMapping: 0.054193 ms MarkObjects: 1.943613 ms  DeleteObjects: 0.017848 ms)

========================================================================
Received Import Request.
  Time since last request: 46.830877 seconds.
  path: Assets/Match 3 Starter/Scripts/Board and Grid/Tile.cs
  artifactKey: Guid(f86f53e3a0b4ac048b452577bcabc93a) Importer(815301076,1909f56bfc062723c751e8b465ee728b)
Start importing Assets/Match 3 Starter/Scripts/Board and Grid/Tile.cs using Guid(f86f53e3a0b4ac048b452577bcabc93a) Importer(815301076,1909f56bfc062723c751e8b465ee728b)  -> (artifact id: 'ad2c6fcb1a49722ab5395a3975708f9b') in 0.014224 seconds
  Import took 0.016913 seconds .

========================================================================
Received Prepare
Registering precompiled user dll's ...
Registered in 0.000795 seconds.
Begin MonoManager ReloadAssembly
Native extension for OSXStandalone target not found
Native extension for WebGL target not found
Refreshing native plugins compatible for Editor in 0.35 ms, found 1 plugins.
Preloading 0 native plugins for Editor in 0.00 ms.
Invoked RoslynAnalysisRunner static constructor.
RoslynAnalysisRunner will not be running.
RoslynAnalysisRunner has terminated.
Mono: successfully reloaded assembly
- Completed reload, in  1.149 seconds
Platform modules already initialized, skipping
Refreshing native plugins compatible for Editor in 0.27 ms, found 1 plugins.
Preloading 0 native plugins for Editor in 0.00 ms.
Unloading 1410 Unused Serialized files (Serialized files now loaded: 0)
System memory in use before: 144.6 MB.
System memory in use after: 144.7 MB.

Unloading 4 unused Assets to reduce memory usage. Loaded Objects now: 2014.
Total: 3.546900 ms (FindLiveObjects: 0.303945 ms CreateObjectMapping: 0.053615 ms MarkObjects: 1.652615 ms  DeleteObjects: 1.523601 ms)

========================================================================
Received Import Request.
  Time since last request: 74.755877 seconds.
  path: Assets/Match 3 Starter/Scripts/Board and Grid/Tile.cs
  artifactKey: Guid(f86f53e3a0b4ac048b452577bcabc93a) Importer(815301076,1909f56bfc062723c751e8b465ee728b)
Start importing Assets/Match 3 Starter/Scripts/Board and Grid/Tile.cs using Guid(f86f53e3a0b4ac048b452577bcabc93a) Importer(815301076,1909f56bfc062723c751e8b465ee728b)  -> (artifact id: '5d9ae2b0f635d8f25f229d7b66ab9709') in 0.008193 seconds
  Import took 0.010680 seconds .

========================================================================
Received Prepare
Registering precompiled user dll's ...
Registered in 0.000807 seconds.
Begin MonoManager ReloadAssembly
Native extension for OSXStandalone target not found
Native extension for WebGL target not found
Refreshing native plugins compatible for Editor in 0.26 ms, found 1 plugins.
Preloading 0 native plugins for Editor in 0.00 ms.
Invoked RoslynAnalysisRunner static constructor.
RoslynAnalysisRunner will not be running.
RoslynAnalysisRunner has terminated.
Mono: successfully reloaded assembly
- Completed reload, in  1.134 seconds
Platform modules already initialized, skipping
Refreshing native plugins compatible for Editor in 0.29 ms, found 1 plugins.
Preloading 0 native plugins for Editor in 0.00 ms.
Unloading 1410 Unused Serialized files (Serialized files now loaded: 0)
System memory in use before: 144.8 MB.
System memory in use after: 144.9 MB.

Unloading 4 unused Assets to reduce memory usage. Loaded Objects now: 2017.
Total: 1.956447 ms (FindLiveObjects: 0.242576 ms CreateObjectMapping: 0.055521 ms MarkObjects: 1.640852 ms  DeleteObjects: 0.015843 ms)

========================================================================
Received Import Request.
  Time since last request: 204.626354 seconds.
  path: Assets/Match 3 Starter/Scripts/Board and Grid/Tile.cs
  artifactKey: Guid(f86f53e3a0b4ac048b452577bcabc93a) Importer(815301076,1909f56bfc062723c751e8b465ee728b)
Start importing Assets/Match 3 Starter/Scripts/Board and Grid/Tile.cs using Guid(f86f53e3a0b4ac048b452577bcabc93a) Importer(815301076,1909f56bfc062723c751e8b465ee728b)  -> (artifact id: '2053642642f6d4814454c8020cd78cd9') in 0.006180 seconds
  Import took 0.008605 seconds .

========================================================================
Received Prepare
Registering precompiled user dll's ...
Registered in 0.000486 seconds.
Begin MonoManager ReloadAssembly
Native extension for OSXStandalone target not found
Native extension for WebGL target not found
Refreshing native plugins compatible for Editor in 0.25 ms, found 1 plugins.
Preloading 0 native plugins for Editor in 0.00 ms.
Invoked RoslynAnalysisRunner static constructor.
RoslynAnalysisRunner will not be running.
RoslynAnalysisRunner has terminated.
Mono: successfully reloaded assembly
- Completed reload, in  1.139 seconds
Platform modules already initialized, skipping
Refreshing native plugins compatible for Editor in 0.28 ms, found 1 plugins.
Preloading 0 native plugins for Editor in 0.00 ms.
Unloading 1410 Unused Serialized files (Serialized files now loaded: 0)
System memory in use before: 145.0 MB.
System memory in use after: 145.1 MB.

Unloading 4 unused Assets to reduce memory usage. Loaded Objects now: 2020.
Total: 2.234347 ms (FindLiveObjects: 0.291802 ms CreateObjectMapping: 0.077710 ms MarkObjects: 1.834144 ms  DeleteObjects: 0.029385 ms)

========================================================================
Received Import Request.
  Time since last request: 49.211814 seconds.
  path: Assets/Match 3 Starter/Scripts/Board and Grid/Tile.cs
  artifactKey: Guid(f86f53e3a0b4ac048b452577bcabc93a) Importer(815301076,1909f56bfc062723c751e8b465ee728b)
Start importing Assets/Match 3 Starter/Scripts/Board and Grid/Tile.cs using Guid(f86f53e3a0b4ac048b452577bcabc93a) Importer(815301076,1909f56bfc062723c751e8b465ee728b)  -> (artifact id: 'e88c5dc0d822e08fe42150067f3dab9d') in 0.006025 seconds
  Import took 0.008457 seconds .

========================================================================
Received Prepare
Registering precompiled user dll's ...
Registered in 0.000524 seconds.
Begin MonoManager ReloadAssembly
Native extension for OSXStandalone target not found
Native extension for WebGL target not found
Refreshing native plugins compatible for Editor in 0.30 ms, found 1 plugins.
Preloading 0 native plugins for Editor in 0.00 ms.
Invoked RoslynAnalysisRunner static constructor.
RoslynAnalysisRunner will not be running.
RoslynAnalysisRunner has terminated.
Mono: successfully reloaded assembly
- Completed reload, in  1.153 seconds
Platform modules already initialized, skipping
Refreshing native plugins compatible for Editor in 0.24 ms, found 1 plugins.
Preloading 0 native plugins for Editor in 0.00 ms.
Unloading 1410 Unused Serialized files (Serialized files now loaded: 0)
System memory in use before: 145.2 MB.
System memory in use after: 145.3 MB.

Unloading 4 unused Assets to reduce memory usage. Loaded Objects now: 2023.
Total: 1.784843 ms (FindLiveObjects: 0.198825 ms CreateObjectMapping: 0.049138 ms MarkObjects: 1.492755 ms  DeleteObjects: 0.043087 ms)

========================================================================
Received Import Request.
  Time since last request: 101.665914 seconds.
  path: Assets/Match 3 Starter/Scripts/Board and Grid/Tile.cs
  artifactKey: Guid(f86f53e3a0b4ac048b452577bcabc93a) Importer(815301076,1909f56bfc062723c751e8b465ee728b)
Start importing Assets/Match 3 Starter/Scripts/Board and Grid/Tile.cs using Guid(f86f53e3a0b4ac048b452577bcabc93a) Importer(815301076,1909f56bfc062723c751e8b465ee728b)  -> (artifact id: '83c5a810806b53b3958518e173610d85') in 0.006158 seconds
  Import took 0.008805 seconds .

========================================================================
Received Prepare
Registering precompiled user dll's ...
Registered in 0.000575 seconds.
Begin MonoManager ReloadAssembly
Native extension for OSXStandalone target not found
Native extension for WebGL target not found
Refreshing native plugins compatible for Editor in 0.26 ms, found 1 plugins.
Preloading 0 native plugins for Editor in 0.00 ms.
Invoked RoslynAnalysisRunner static constructor.
RoslynAnalysisRunner will not be running.
RoslynAnalysisRunner has terminated.
Mono: successfully reloaded assembly
- Completed reload, in  1.134 seconds
Platform modules already initialized, skipping
Refreshing native plugins compatible for Editor in 0.25 ms, found 1 plugins.
Preloading 0 native plugins for Editor in 0.00 ms.
Unloading 1410 Unused Serialized files (Serialized files now loaded: 0)
System memory in use before: 145.4 MB.
System memory in use after: 145.5 MB.

Unloading 4 unused Assets to reduce memory usage. Loaded Objects now: 2026.
Total: 1.886830 ms (FindLiveObjects: 0.201370 ms CreateObjectMapping: 0.064926 ms MarkObjects: 1.602136 ms  DeleteObjects: 0.016881 ms)

========================================================================
Received Import Request.
  Time since last request: 201.253005 seconds.
  path: Assets/Match 3 Starter/Scripts/Board and Grid/Tile.cs
  artifactKey: Guid(f86f53e3a0b4ac048b452577bcabc93a) Importer(815301076,1909f56bfc062723c751e8b465ee728b)
Start importing Assets/Match 3 Starter/Scripts/Board and Grid/Tile.cs using Guid(f86f53e3a0b4ac048b452577bcabc93a) Importer(815301076,1909f56bfc062723c751e8b465ee728b)  -> (artifact id: '7af553f230c13fe225720dccb1a08c02') in 0.005999 seconds
  Import took 0.008971 seconds .

========================================================================
Received Prepare
Registering precompiled user dll's ...
Registered in 0.000518 seconds.
Begin MonoManager ReloadAssembly
Native extension for OSXStandalone target not found
Native extension for WebGL target not found
Refreshing native plugins compatible for Editor in 0.31 ms, found 1 plugins.
Preloading 0 native plugins for Editor in 0.00 ms.
Invoked RoslynAnalysisRunner static constructor.
RoslynAnalysisRunner will not be running.
RoslynAnalysisRunner has terminated.
Mono: successfully reloaded assembly
- Completed reload, in  1.184 seconds
Platform modules already initialized, skipping
Refreshing native plugins compatible for Editor in 0.26 ms, found 1 plugins.
Preloading 0 native plugins for Editor in 0.00 ms.
Unloading 1410 Unused Serialized files (Serialized files now loaded: 0)
System memory in use before: 145.6 MB.
System memory in use after: 145.7 MB.

Unloading 4 unused Assets to reduce memory usage. Loaded Objects now: 2029.
Total: 2.628032 ms (FindLiveObjects: 0.188904 ms CreateObjectMapping: 0.192156 ms MarkObjects: 2.226999 ms  DeleteObjects: 0.018645 ms)

========================================================================
Received Import Request.
  Time since last request: 141.243764 seconds.
  path: Assets/Match 3 Starter/Scripts/Board and Grid/Tile.cs
  artifactKey: Guid(f86f53e3a0b4ac048b452577bcabc93a) Importer(815301076,1909f56bfc062723c751e8b465ee728b)
Start importing Assets/Match 3 Starter/Scripts/Board and Grid/Tile.cs using Guid(f86f53e3a0b4ac048b452577bcabc93a) Importer(815301076,1909f56bfc062723c751e8b465ee728b)  -> (artifact id: '6c73d220b1aeaf5f9e84e460a7ebb51d') in 0.012224 seconds
  Import took 0.021340 seconds .

========================================================================
Received Prepare
Registering precompiled user dll's ...
Registered in 0.000596 seconds.
Begin MonoManager ReloadAssembly
Native extension for OSXStandalone target not found
Native extension for WebGL target not found
Refreshing native plugins compatible for Editor in 0.27 ms, found 1 plugins.
Preloading 0 native plugins for Editor in 0.00 ms.
Invoked RoslynAnalysisRunner static constructor.
RoslynAnalysisRunner will not be running.
RoslynAnalysisRunner has terminated.
Mono: successfully reloaded assembly
- Completed reload, in  1.118 seconds
Platform modules already initialized, skipping
Refreshing native plugins compatible for Editor in 0.28 ms, found 1 plugins.
Preloading 0 native plugins for Editor in 0.00 ms.
Unloading 1410 Unused Serialized files (Serialized files now loaded: 0)
System memory in use before: 145.7 MB.
System memory in use after: 145.8 MB.

Unloading 4 unused Assets to reduce memory usage. Loaded Objects now: 2032.
Total: 1.971393 ms (FindLiveObjects: 0.242893 ms CreateObjectMapping: 0.062562 ms MarkObjects: 1.649560 ms  DeleteObjects: 0.015391 ms)

========================================================================
Received Import Request.
  Time since last request: 86.963183 seconds.
  path: Assets/Match 3 Starter/Scripts/Board and Grid/Tile.cs
  artifactKey: Guid(f86f53e3a0b4ac048b452577bcabc93a) Importer(815301076,1909f56bfc062723c751e8b465ee728b)
Start importing Assets/Match 3 Starter/Scripts/Board and Grid/Tile.cs using Guid(f86f53e3a0b4ac048b452577bcabc93a) Importer(815301076,1909f56bfc062723c751e8b465ee728b)  -> (artifact id: '806501271136496e9c82ec519ae88301') in 0.007237 seconds
  Import took 0.009887 seconds .

========================================================================
Received Prepare
Registering precompiled user dll's ...
Registered in 0.000495 seconds.
Begin MonoManager ReloadAssembly
Native extension for OSXStandalone target not found
Native extension for WebGL target not found
Refreshing native plugins compatible for Editor in 0.28 ms, found 1 plugins.
Preloading 0 native plugins for Editor in 0.00 ms.
Invoked RoslynAnalysisRunner static constructor.
RoslynAnalysisRunner will not be running.
RoslynAnalysisRunner has terminated.
Mono: successfully reloaded assembly
- Completed reload, in  1.153 seconds
Platform modules already initialized, skipping
Refreshing native plugins compatible for Editor in 0.26 ms, found 1 plugins.
Preloading 0 native plugins for Editor in 0.00 ms.
Unloading 1410 Unused Serialized files (Serialized files now loaded: 0)
System memory in use before: 145.9 MB.
System memory in use after: 146.0 MB.

Unloading 4 unused Assets to reduce memory usage. Loaded Objects now: 2035.
Total: 1.962477 ms (FindLiveObjects: 0.270817 ms CreateObjectMapping: 0.060697 ms MarkObjects: 1.614379 ms  DeleteObjects: 0.015285 ms)

========================================================================
Received Import Request.
  Time since last request: 132.574004 seconds.
  path: Assets/Match 3 Starter/Scripts/Board and Grid/Tile.cs
  artifactKey: Guid(f86f53e3a0b4ac048b452577bcabc93a) Importer(815301076,1909f56bfc062723c751e8b465ee728b)
Start importing Assets/Match 3 Starter/Scripts/Board and Grid/Tile.cs using Guid(f86f53e3a0b4ac048b452577bcabc93a) Importer(815301076,1909f56bfc062723c751e8b465ee728b)  -> (artifact id: '4c6e8912e3b114a631fc58f194d29962') in 0.006124 seconds
  Import took 0.008682 seconds .

========================================================================
Received Prepare
Registering precompiled user dll's ...
Registered in 0.000626 seconds.
Begin MonoManager ReloadAssembly
Native extension for OSXStandalone target not found
Native extension for WebGL target not found
Refreshing native plugins compatible for Editor in 0.26 ms, found 1 plugins.
Preloading 0 native plugins for Editor in 0.00 ms.
Invoked RoslynAnalysisRunner static constructor.
RoslynAnalysisRunner will not be running.
RoslynAnalysisRunner has terminated.
Mono: successfully reloaded assembly
- Completed reload, in  1.177 seconds
Platform modules already initialized, skipping
Refreshing native plugins compatible for Editor in 0.30 ms, found 1 plugins.
Preloading 0 native plugins for Editor in 0.00 ms.
Unloading 1410 Unused Serialized files (Serialized files now loaded: 0)
System memory in use before: 146.1 MB.
System memory in use after: 146.2 MB.

Unloading 4 unused Assets to reduce memory usage. Loaded Objects now: 2038.
Total: 1.824357 ms (FindLiveObjects: 0.180485 ms CreateObjectMapping: 0.051005 ms MarkObjects: 1.575273 ms  DeleteObjects: 0.016101 ms)

========================================================================
Received Import Request.
  Time since last request: 135.734918 seconds.
  path: Assets/Match 3 Starter/Scripts/Board and Grid/Tile.cs
  artifactKey: Guid(f86f53e3a0b4ac048b452577bcabc93a) Importer(815301076,1909f56bfc062723c751e8b465ee728b)
Start importing Assets/Match 3 Starter/Scripts/Board and Grid/Tile.cs using Guid(f86f53e3a0b4ac048b452577bcabc93a) Importer(815301076,1909f56bfc062723c751e8b465ee728b)  -> (artifact id: '8329902009384059fb587d37b0ab2fd4') in 0.006153 seconds
  Import took 0.009221 seconds .

========================================================================
Received Prepare
Registering precompiled user dll's ...
Registered in 0.000763 seconds.
Begin MonoManager ReloadAssembly
Native extension for OSXStandalone target not found
Native extension for WebGL target not found
Refreshing native plugins compatible for Editor in 0.24 ms, found 1 plugins.
Preloading 0 native plugins for Editor in 0.00 ms.
Invoked RoslynAnalysisRunner static constructor.
RoslynAnalysisRunner will not be running.
RoslynAnalysisRunner has terminated.
Mono: successfully reloaded assembly
- Completed reload, in  1.097 seconds
Platform modules already initialized, skipping
Refreshing native plugins compatible for Editor in 0.27 ms, found 1 plugins.
Preloading 0 native plugins for Editor in 0.00 ms.
Unloading 1410 Unused Serialized files (Serialized files now loaded: 0)
System memory in use before: 146.3 MB.
System memory in use after: 146.4 MB.

Unloading 4 unused Assets to reduce memory usage. Loaded Objects now: 2041.
Total: 1.887013 ms (FindLiveObjects: 0.204651 ms CreateObjectMapping: 0.055694 ms MarkObjects: 1.606851 ms  DeleteObjects: 0.017598 ms)

