Using pre-set license
Built from '2020.3/staging' branch; Version is '2020.3.3f1 (76626098c1c4) revision 7758432'; Using compiler version '192528614'; Build Type 'Release'
OS: 'Windows 10 Home; OS build 19041.867; Version 2004; 64bit' Language: 'en' Physical Memory: 16301 MB
BatchMode: 1, IsHumanControllingUs: 0, StartBugReporterOnCrash: 0, Is64bit: 1, IsPro: 0

 COMMAND LINE ARGUMENTS:
C:\Program Files\Unity\Hub\Editor\2020.3.3f1\Editor\Unity.exe
-adb2
-batchMode
-noUpm
-name
AssetImportWorker0
-projectPath
C:/Users/alexa/Desktop/CSC-260-Project/Match 3 Game Starter
-logFile
Logs/AssetImportWorker0.log
-srvPort
61219
Successfully changed project path to: C:/Users/alexa/Desktop/CSC-260-Project/Match 3 Game Starter
C:/Users/alexa/Desktop/CSC-260-Project/Match 3 Game Starter
Using Asset Import Pipeline V2.
Refreshing native plugins compatible for Editor in 19.66 ms, found 0 plugins.
Preloading 0 native plugins for Editor in 0.00 ms.
Initialize engine version: 2020.3.3f1 (76626098c1c4)
[Subsystems] Discovering subsystems at path C:/Program Files/Unity/Hub/Editor/2020.3.3f1/Editor/Data/Resources/UnitySubsystems
[Subsystems] Discovering subsystems at path C:/Users/alexa/Desktop/CSC-260-Project/Match 3 Game Starter/Assets
GfxDevice: creating device client; threaded=0
Direct3D:
    Version:  Direct3D 11.0 [level 11.1]
    Renderer: NVIDIA GeForce RTX 2070 (ID=0x1f02)
    Vendor:   
    VRAM:     8031 MB
    Driver:   27.21.14.5671
Initialize mono
Mono path[0] = 'C:/Program Files/Unity/Hub/Editor/2020.3.3f1/Editor/Data/Managed'
Mono path[1] = 'C:/Program Files/Unity/Hub/Editor/2020.3.3f1/Editor/Data/MonoBleedingEdge/lib/mono/unityjit'
Mono config path = 'C:/Program Files/Unity/Hub/Editor/2020.3.3f1/Editor/Data/MonoBleedingEdge/etc'
Using monoOptions --debugger-agent=transport=dt_socket,embedding=1,server=y,suspend=n,address=127.0.0.1:56372
Begin MonoManager ReloadAssembly
Registering precompiled unity dll's ...
Register platform support module: C:/Program Files/Unity/Hub/Editor/2020.3.3f1/Editor/Data/PlaybackEngines/WindowsStandaloneSupport/UnityEditor.WindowsStandalone.Extensions.dll
Registered in 0.001984 seconds.
Native extension for WindowsStandalone target not found
Refreshing native plugins compatible for Editor in 19.97 ms, found 0 plugins.
Preloading 0 native plugins for Editor in 0.00 ms.
Invoked RoslynAnalysisRunner static constructor.
RoslynAnalysisRunner will not be running.
RoslynAnalysisRunner has terminated.
Mono: successfully reloaded assembly
- Completed reload, in  0.920 seconds
Platform modules already initialized, skipping
Registering precompiled user dll's ...
Registered in 0.000725 seconds.
Begin MonoManager ReloadAssembly
Native extension for WindowsStandalone target not found
Refreshing native plugins compatible for Editor in 0.18 ms, found 0 plugins.
Preloading 0 native plugins for Editor in 0.00 ms.
Invoked RoslynAnalysisRunner static constructor.
RoslynAnalysisRunner will not be running.
RoslynAnalysisRunner has terminated.
Mono: successfully reloaded assembly
- Completed reload, in  0.669 seconds
Platform modules already initialized, skipping
========================================================================
Worker process is ready to serve import requests
Launched and connected shader compiler UnityShaderCompiler.exe after 0.03 seconds
Refreshing native plugins compatible for Editor in 0.30 ms, found 0 plugins.
Preloading 0 native plugins for Editor in 0.00 ms.
Unloading 1121 Unused Serialized files (Serialized files now loaded: 0)
System memory in use before: 57.2 MB.
System memory in use after: 57.3 MB.

Unloading 9 unused Assets to reduce memory usage. Loaded Objects now: 1563.
Total: 1.430900 ms (FindLiveObjects: 0.119100 ms CreateObjectMapping: 0.034100 ms MarkObjects: 1.229100 ms  DeleteObjects: 0.048100 ms)

========================================================================
Received Import Request.
  path: Assets/Match 3 Starter/Scripts/Board and Grid/BoardManager.cs
  artifactKey: Guid(a3e5bbfb8c13d8f479f8d00fcbc7884e) Importer(815301076,1909f56bfc062723c751e8b465ee728b)
Start importing Assets/Match 3 Starter/Scripts/Board and Grid/BoardManager.cs using Guid(a3e5bbfb8c13d8f479f8d00fcbc7884e) Importer(815301076,1909f56bfc062723c751e8b465ee728b)  -> (artifact id: 'cd06b0efc7952b612c2e4a8bf5bc6395') in 0.035319 seconds
  Import took 0.036808 seconds .

========================================================================
Received Import Request.
  Time since last request: 39.454784 seconds.
  path: Assets/Match 3 Starter/Scripts/Board and Grid/Tile.cs
  artifactKey: Guid(f86f53e3a0b4ac048b452577bcabc93a) Importer(815301076,1909f56bfc062723c751e8b465ee728b)
Start importing Assets/Match 3 Starter/Scripts/Board and Grid/Tile.cs using Guid(f86f53e3a0b4ac048b452577bcabc93a) Importer(815301076,1909f56bfc062723c751e8b465ee728b)  -> (artifact id: '83485ffd0b9bf863242fa8c056c36b77') in 0.006077 seconds
  Import took 0.008159 seconds .

========================================================================
Received Import Request.
  Time since last request: 286.159023 seconds.
  path: Assets/Match 3 Starter/Scripts/Board and Grid/Tile.cs
  artifactKey: Guid(f86f53e3a0b4ac048b452577bcabc93a) Importer(815301076,1909f56bfc062723c751e8b465ee728b)
Start importing Assets/Match 3 Starter/Scripts/Board and Grid/Tile.cs using Guid(f86f53e3a0b4ac048b452577bcabc93a) Importer(815301076,1909f56bfc062723c751e8b465ee728b)  -> (artifact id: '54c38656c0de278cdae1ecdc52146ca9') in 0.004724 seconds
  Import took 0.008754 seconds .

========================================================================
Received Prepare
Registering precompiled user dll's ...
Registered in 0.000812 seconds.
Begin MonoManager ReloadAssembly
Native extension for WindowsStandalone target not found
Refreshing native plugins compatible for Editor in 0.18 ms, found 0 plugins.
Preloading 0 native plugins for Editor in 0.00 ms.
Invoked RoslynAnalysisRunner static constructor.
RoslynAnalysisRunner will not be running.
RoslynAnalysisRunner has terminated.
Mono: successfully reloaded assembly
- Completed reload, in  0.645 seconds
Platform modules already initialized, skipping
Refreshing native plugins compatible for Editor in 0.16 ms, found 0 plugins.
Preloading 0 native plugins for Editor in 0.00 ms.
Unloading 1115 Unused Serialized files (Serialized files now loaded: 0)
System memory in use before: 56.9 MB.
System memory in use after: 57.0 MB.

Unloading 4 unused Assets to reduce memory usage. Loaded Objects now: 1566.
Total: 1.307500 ms (FindLiveObjects: 0.120200 ms CreateObjectMapping: 0.035900 ms MarkObjects: 1.140600 ms  DeleteObjects: 0.010100 ms)

========================================================================
Received Import Request.
  Time since last request: 54.914233 seconds.
  path: Assets/Match 3 Starter/Scripts/Board and Grid/Tile.cs
  artifactKey: Guid(f86f53e3a0b4ac048b452577bcabc93a) Importer(815301076,1909f56bfc062723c751e8b465ee728b)
Start importing Assets/Match 3 Starter/Scripts/Board and Grid/Tile.cs using Guid(f86f53e3a0b4ac048b452577bcabc93a) Importer(815301076,1909f56bfc062723c751e8b465ee728b)  -> (artifact id: '779bbe1c7555f276508997059393b7f8') in 0.011187 seconds
  Import took 0.013975 seconds .

========================================================================
Received Prepare
Registering precompiled user dll's ...
Registered in 0.000924 seconds.
Begin MonoManager ReloadAssembly
Native extension for WindowsStandalone target not found
Refreshing native plugins compatible for Editor in 0.19 ms, found 0 plugins.
Preloading 0 native plugins for Editor in 0.00 ms.
Invoked RoslynAnalysisRunner static constructor.
RoslynAnalysisRunner will not be running.
RoslynAnalysisRunner has terminated.
Mono: successfully reloaded assembly
- Completed reload, in  0.641 seconds
Platform modules already initialized, skipping
Refreshing native plugins compatible for Editor in 0.17 ms, found 0 plugins.
Preloading 0 native plugins for Editor in 0.00 ms.
Unloading 1115 Unused Serialized files (Serialized files now loaded: 0)
System memory in use before: 56.9 MB.
System memory in use after: 57.0 MB.

Unloading 4 unused Assets to reduce memory usage. Loaded Objects now: 1569.
Total: 1.700900 ms (FindLiveObjects: 0.116100 ms CreateObjectMapping: 0.033800 ms MarkObjects: 1.537400 ms  DeleteObjects: 0.012400 ms)

========================================================================
Received Import Request.
  Time since last request: 312.884975 seconds.
  path: Assets/Match 3 Starter/Scripts/Board and Grid/Tile.cs
  artifactKey: Guid(f86f53e3a0b4ac048b452577bcabc93a) Importer(815301076,1909f56bfc062723c751e8b465ee728b)
Start importing Assets/Match 3 Starter/Scripts/Board and Grid/Tile.cs using Guid(f86f53e3a0b4ac048b452577bcabc93a) Importer(815301076,1909f56bfc062723c751e8b465ee728b)  -> (artifact id: 'c109897ac3c8fe82f6d18528448d28d5') in 0.010518 seconds
  Import took 0.013256 seconds .

========================================================================
Received Prepare
Registering precompiled user dll's ...
Registered in 0.000629 seconds.
Begin MonoManager ReloadAssembly
Native extension for WindowsStandalone target not found
Refreshing native plugins compatible for Editor in 0.19 ms, found 0 plugins.
Preloading 0 native plugins for Editor in 0.00 ms.
Invoked RoslynAnalysisRunner static constructor.
RoslynAnalysisRunner will not be running.
RoslynAnalysisRunner has terminated.
Mono: successfully reloaded assembly
- Completed reload, in  0.685 seconds
Platform modules already initialized, skipping
Refreshing native plugins compatible for Editor in 0.20 ms, found 0 plugins.
Preloading 0 native plugins for Editor in 0.00 ms.
Unloading 1115 Unused Serialized files (Serialized files now loaded: 0)
System memory in use before: 57.0 MB.
System memory in use after: 57.1 MB.

Unloading 4 unused Assets to reduce memory usage. Loaded Objects now: 1572.
Total: 1.380600 ms (FindLiveObjects: 0.169200 ms CreateObjectMapping: 0.039800 ms MarkObjects: 1.157700 ms  DeleteObjects: 0.012900 ms)

========================================================================
Received Import Request.
  Time since last request: 437.661232 seconds.
  path: Assets/Match 3 Starter/Scripts/Board and Grid/Tile.cs
  artifactKey: Guid(f86f53e3a0b4ac048b452577bcabc93a) Importer(815301076,1909f56bfc062723c751e8b465ee728b)
Start importing Assets/Match 3 Starter/Scripts/Board and Grid/Tile.cs using Guid(f86f53e3a0b4ac048b452577bcabc93a) Importer(815301076,1909f56bfc062723c751e8b465ee728b)  -> (artifact id: '2fd6e1f7fb49244fdbbc01b736be4ecb') in 0.005655 seconds
  Import took 0.007354 seconds .

========================================================================
Received Prepare
Registering precompiled user dll's ...
Registered in 0.000688 seconds.
Begin MonoManager ReloadAssembly
Native extension for WindowsStandalone target not found
Refreshing native plugins compatible for Editor in 0.19 ms, found 0 plugins.
Preloading 0 native plugins for Editor in 0.00 ms.
Invoked RoslynAnalysisRunner static constructor.
RoslynAnalysisRunner will not be running.
RoslynAnalysisRunner has terminated.
Mono: successfully reloaded assembly
- Completed reload, in  0.666 seconds
Platform modules already initialized, skipping
Refreshing native plugins compatible for Editor in 0.19 ms, found 0 plugins.
Preloading 0 native plugins for Editor in 0.00 ms.
Unloading 1115 Unused Serialized files (Serialized files now loaded: 0)
System memory in use before: 57.0 MB.
System memory in use after: 57.1 MB.

Unloading 4 unused Assets to reduce memory usage. Loaded Objects now: 1575.
Total: 1.306100 ms (FindLiveObjects: 0.122700 ms CreateObjectMapping: 0.032700 ms MarkObjects: 1.136900 ms  DeleteObjects: 0.012500 ms)

========================================================================
Received Import Request.
  Time since last request: 353.116391 seconds.
  path: Assets/Match 3 Starter/Scripts/Board and Grid/Tile.cs
  artifactKey: Guid(f86f53e3a0b4ac048b452577bcabc93a) Importer(815301076,1909f56bfc062723c751e8b465ee728b)
Start importing Assets/Match 3 Starter/Scripts/Board and Grid/Tile.cs using Guid(f86f53e3a0b4ac048b452577bcabc93a) Importer(815301076,1909f56bfc062723c751e8b465ee728b)  -> (artifact id: 'e11d906b699ee31aa10a35eeaecfa921') in 0.004256 seconds
  Import took 0.005992 seconds .

========================================================================
Received Prepare
Registering precompiled user dll's ...
Registered in 0.000700 seconds.
Begin MonoManager ReloadAssembly
Native extension for WindowsStandalone target not found
Refreshing native plugins compatible for Editor in 0.20 ms, found 0 plugins.
Preloading 0 native plugins for Editor in 0.00 ms.
Invoked RoslynAnalysisRunner static constructor.
RoslynAnalysisRunner will not be running.
RoslynAnalysisRunner has terminated.
Mono: successfully reloaded assembly
- Completed reload, in  0.680 seconds
Platform modules already initialized, skipping
Refreshing native plugins compatible for Editor in 0.19 ms, found 0 plugins.
Preloading 0 native plugins for Editor in 0.00 ms.
Unloading 1115 Unused Serialized files (Serialized files now loaded: 0)
System memory in use before: 57.0 MB.
System memory in use after: 57.1 MB.

Unloading 4 unused Assets to reduce memory usage. Loaded Objects now: 1578.
Total: 1.489400 ms (FindLiveObjects: 0.150000 ms CreateObjectMapping: 0.044900 ms MarkObjects: 1.281300 ms  DeleteObjects: 0.012400 ms)

========================================================================
Received Import Request.
  Time since last request: 441.833264 seconds.
  path: Assets/Match 3 Starter/Scripts/Board and Grid/BoardManager.cs
  artifactKey: Guid(a3e5bbfb8c13d8f479f8d00fcbc7884e) Importer(815301076,1909f56bfc062723c751e8b465ee728b)
Start importing Assets/Match 3 Starter/Scripts/Board and Grid/BoardManager.cs using Guid(a3e5bbfb8c13d8f479f8d00fcbc7884e) Importer(815301076,1909f56bfc062723c751e8b465ee728b)  -> (artifact id: '739329266f5885dd6885351a4271bb2f') in 0.007134 seconds
  Import took 0.009129 seconds .

========================================================================
Received Prepare
Registering precompiled user dll's ...
Registered in 0.000712 seconds.
Begin MonoManager ReloadAssembly
Native extension for WindowsStandalone target not found
Refreshing native plugins compatible for Editor in 0.19 ms, found 0 plugins.
Preloading 0 native plugins for Editor in 0.00 ms.
Invoked RoslynAnalysisRunner static constructor.
RoslynAnalysisRunner will not be running.
RoslynAnalysisRunner has terminated.
Mono: successfully reloaded assembly
- Completed reload, in  0.700 seconds
Platform modules already initialized, skipping
Refreshing native plugins compatible for Editor in 0.24 ms, found 0 plugins.
Preloading 0 native plugins for Editor in 0.00 ms.
Unloading 1115 Unused Serialized files (Serialized files now loaded: 0)
System memory in use before: 57.0 MB.
System memory in use after: 57.1 MB.

Unloading 4 unused Assets to reduce memory usage. Loaded Objects now: 1581.
Total: 1.676300 ms (FindLiveObjects: 0.185700 ms CreateObjectMapping: 0.042900 ms MarkObjects: 1.431900 ms  DeleteObjects: 0.014600 ms)

========================================================================
Received Prepare
Registering precompiled user dll's ...
Registered in 0.000716 seconds.
Begin MonoManager ReloadAssembly
Native extension for WindowsStandalone target not found
Refreshing native plugins compatible for Editor in 0.20 ms, found 0 plugins.
Preloading 0 native plugins for Editor in 0.00 ms.
Invoked RoslynAnalysisRunner static constructor.
RoslynAnalysisRunner will not be running.
RoslynAnalysisRunner has terminated.
Mono: successfully reloaded assembly
- Completed reload, in  0.709 seconds
Platform modules already initialized, skipping
Refreshing native plugins compatible for Editor in 0.20 ms, found 0 plugins.
Preloading 0 native plugins for Editor in 0.00 ms.
Unloading 1115 Unused Serialized files (Serialized files now loaded: 0)
System memory in use before: 57.0 MB.
System memory in use after: 57.1 MB.

Unloading 4 unused Assets to reduce memory usage. Loaded Objects now: 1584.
Total: 2.003100 ms (FindLiveObjects: 0.275900 ms CreateObjectMapping: 0.104900 ms MarkObjects: 1.603700 ms  DeleteObjects: 0.017200 ms)

========================================================================
Received Prepare
Registering precompiled user dll's ...
Registered in 0.000659 seconds.
Begin MonoManager ReloadAssembly
Native extension for WindowsStandalone target not found
Refreshing native plugins compatible for Editor in 0.19 ms, found 0 plugins.
Preloading 0 native plugins for Editor in 0.00 ms.
Invoked RoslynAnalysisRunner static constructor.
RoslynAnalysisRunner will not be running.
RoslynAnalysisRunner has terminated.
Mono: successfully reloaded assembly
- Completed reload, in  0.687 seconds
Platform modules already initialized, skipping
Refreshing native plugins compatible for Editor in 0.23 ms, found 0 plugins.
Preloading 0 native plugins for Editor in 0.00 ms.
Unloading 1115 Unused Serialized files (Serialized files now loaded: 0)
System memory in use before: 57.0 MB.
System memory in use after: 57.1 MB.

Unloading 4 unused Assets to reduce memory usage. Loaded Objects now: 1587.
Total: 1.360200 ms (FindLiveObjects: 0.125800 ms CreateObjectMapping: 0.036200 ms MarkObjects: 1.185900 ms  DeleteObjects: 0.011500 ms)

========================================================================
Received Import Request.
  Time since last request: 182.422932 seconds.
  path: Assets/Match 3 Starter/Scripts/Board and Grid/BoardManager.cs
  artifactKey: Guid(a3e5bbfb8c13d8f479f8d00fcbc7884e) Importer(815301076,1909f56bfc062723c751e8b465ee728b)
Start importing Assets/Match 3 Starter/Scripts/Board and Grid/BoardManager.cs using Guid(a3e5bbfb8c13d8f479f8d00fcbc7884e) Importer(815301076,1909f56bfc062723c751e8b465ee728b)  -> (artifact id: '2055db2c1bbc199563704856bc72bf90') in 0.006208 seconds
  Import took 0.007971 seconds .

========================================================================
Received Prepare
Registering precompiled user dll's ...
Registered in 0.000775 seconds.
Begin MonoManager ReloadAssembly
Native extension for WindowsStandalone target not found
Refreshing native plugins compatible for Editor in 0.19 ms, found 0 plugins.
Preloading 0 native plugins for Editor in 0.00 ms.
Invoked RoslynAnalysisRunner static constructor.
RoslynAnalysisRunner will not be running.
RoslynAnalysisRunner has terminated.
Mono: successfully reloaded assembly
- Completed reload, in  0.668 seconds
Platform modules already initialized, skipping
Refreshing native plugins compatible for Editor in 0.19 ms, found 0 plugins.
Preloading 0 native plugins for Editor in 0.00 ms.
Unloading 1115 Unused Serialized files (Serialized files now loaded: 0)
System memory in use before: 57.0 MB.
System memory in use after: 57.1 MB.

Unloading 4 unused Assets to reduce memory usage. Loaded Objects now: 1590.
Total: 1.442400 ms (FindLiveObjects: 0.150200 ms CreateObjectMapping: 0.040200 ms MarkObjects: 1.236400 ms  DeleteObjects: 0.014500 ms)

========================================================================
Received Import Request.
  Time since last request: 60.749198 seconds.
  path: Assets/Match 3 Starter/Scripts/Board and Grid/BoardManager.cs
  artifactKey: Guid(a3e5bbfb8c13d8f479f8d00fcbc7884e) Importer(815301076,1909f56bfc062723c751e8b465ee728b)
Start importing Assets/Match 3 Starter/Scripts/Board and Grid/BoardManager.cs using Guid(a3e5bbfb8c13d8f479f8d00fcbc7884e) Importer(815301076,1909f56bfc062723c751e8b465ee728b)  -> (artifact id: '0e007a7904c6d4fcbaa7cc5064284c55') in 0.003459 seconds
  Import took 0.005059 seconds .

========================================================================
Received Prepare
Registering precompiled user dll's ...
Registered in 0.000713 seconds.
Begin MonoManager ReloadAssembly
Native extension for WindowsStandalone target not found
Refreshing native plugins compatible for Editor in 0.21 ms, found 0 plugins.
Preloading 0 native plugins for Editor in 0.00 ms.
Invoked RoslynAnalysisRunner static constructor.
RoslynAnalysisRunner will not be running.
RoslynAnalysisRunner has terminated.
Mono: successfully reloaded assembly
- Completed reload, in  0.637 seconds
Platform modules already initialized, skipping
Refreshing native plugins compatible for Editor in 0.19 ms, found 0 plugins.
Preloading 0 native plugins for Editor in 0.00 ms.
Unloading 1115 Unused Serialized files (Serialized files now loaded: 0)
System memory in use before: 57.0 MB.
System memory in use after: 57.1 MB.

Unloading 4 unused Assets to reduce memory usage. Loaded Objects now: 1593.
Total: 2.243700 ms (FindLiveObjects: 0.238300 ms CreateObjectMapping: 0.071200 ms MarkObjects: 1.919100 ms  DeleteObjects: 0.013700 ms)

========================================================================
Received Import Request.
  Time since last request: 62.992986 seconds.
  path: Assets/Match 3 Starter/Scripts/Board and Grid/BoardManager.cs
  artifactKey: Guid(a3e5bbfb8c13d8f479f8d00fcbc7884e) Importer(815301076,1909f56bfc062723c751e8b465ee728b)
Start importing Assets/Match 3 Starter/Scripts/Board and Grid/BoardManager.cs using Guid(a3e5bbfb8c13d8f479f8d00fcbc7884e) Importer(815301076,1909f56bfc062723c751e8b465ee728b)  -> (artifact id: 'e4e52cfdc7835a144a4de30f5ab706c3') in 0.003502 seconds
  Import took 0.005043 seconds .

========================================================================
Received Prepare
Registering precompiled user dll's ...
Registered in 0.000754 seconds.
Begin MonoManager ReloadAssembly
Native extension for WindowsStandalone target not found
Refreshing native plugins compatible for Editor in 0.21 ms, found 0 plugins.
Preloading 0 native plugins for Editor in 0.00 ms.
Invoked RoslynAnalysisRunner static constructor.
RoslynAnalysisRunner will not be running.
RoslynAnalysisRunner has terminated.
Mono: successfully reloaded assembly
- Completed reload, in  0.691 seconds
Platform modules already initialized, skipping
Refreshing native plugins compatible for Editor in 0.23 ms, found 0 plugins.
Preloading 0 native plugins for Editor in 0.00 ms.
Unloading 1115 Unused Serialized files (Serialized files now loaded: 0)
System memory in use before: 57.0 MB.
System memory in use after: 57.1 MB.

Unloading 4 unused Assets to reduce memory usage. Loaded Objects now: 1596.
Total: 1.617300 ms (FindLiveObjects: 0.140100 ms CreateObjectMapping: 0.054900 ms MarkObjects: 1.406400 ms  DeleteObjects: 0.014700 ms)

========================================================================
Received Prepare
Registering precompiled user dll's ...
Registered in 0.000736 seconds.
Begin MonoManager ReloadAssembly
Native extension for WindowsStandalone target not found
Refreshing native plugins compatible for Editor in 0.18 ms, found 0 plugins.
Preloading 0 native plugins for Editor in 0.00 ms.
Invoked RoslynAnalysisRunner static constructor.
RoslynAnalysisRunner will not be running.
RoslynAnalysisRunner has terminated.
Mono: successfully reloaded assembly
- Completed reload, in  4.385 seconds
Platform modules already initialized, skipping
Refreshing native plugins compatible for Editor in 0.17 ms, found 0 plugins.
Preloading 0 native plugins for Editor in 0.00 ms.
Unloading 1115 Unused Serialized files (Serialized files now loaded: 0)
System memory in use before: 57.0 MB.
System memory in use after: 57.1 MB.

Unloading 4 unused Assets to reduce memory usage. Loaded Objects now: 1599.
Total: 1.599000 ms (FindLiveObjects: 0.128000 ms CreateObjectMapping: 0.035900 ms MarkObjects: 1.420400 ms  DeleteObjects: 0.013800 ms)

========================================================================
Received Prepare
Registering precompiled user dll's ...
Registered in 0.000714 seconds.
Begin MonoManager ReloadAssembly
Native extension for WindowsStandalone target not found
Refreshing native plugins compatible for Editor in 0.18 ms, found 0 plugins.
Preloading 0 native plugins for Editor in 0.00 ms.
Invoked RoslynAnalysisRunner static constructor.
RoslynAnalysisRunner will not be running.
RoslynAnalysisRunner has terminated.
Mono: successfully reloaded assembly
- Completed reload, in  0.638 seconds
Platform modules already initialized, skipping
Refreshing native plugins compatible for Editor in 0.19 ms, found 0 plugins.
Preloading 0 native plugins for Editor in 0.00 ms.
Unloading 1115 Unused Serialized files (Serialized files now loaded: 0)
System memory in use before: 57.0 MB.
System memory in use after: 57.1 MB.

Unloading 4 unused Assets to reduce memory usage. Loaded Objects now: 1602.
Total: 1.454900 ms (FindLiveObjects: 0.129000 ms CreateObjectMapping: 0.039100 ms MarkObjects: 1.274300 ms  DeleteObjects: 0.011600 ms)

========================================================================
Received Prepare
Registering precompiled user dll's ...
Registered in 0.000718 seconds.
Begin MonoManager ReloadAssembly
Native extension for WindowsStandalone target not found
Refreshing native plugins compatible for Editor in 0.19 ms, found 0 plugins.
Preloading 0 native plugins for Editor in 0.00 ms.
Invoked RoslynAnalysisRunner static constructor.
RoslynAnalysisRunner will not be running.
RoslynAnalysisRunner has terminated.
Mono: successfully reloaded assembly
- Completed reload, in  0.713 seconds
Platform modules already initialized, skipping
Refreshing native plugins compatible for Editor in 0.21 ms, found 0 plugins.
Preloading 0 native plugins for Editor in 0.00 ms.
Unloading 1115 Unused Serialized files (Serialized files now loaded: 0)
System memory in use before: 57.0 MB.
System memory in use after: 57.1 MB.

Unloading 4 unused Assets to reduce memory usage. Loaded Objects now: 1605.
Total: 2.072300 ms (FindLiveObjects: 0.114800 ms CreateObjectMapping: 0.029800 ms MarkObjects: 1.908800 ms  DeleteObjects: 0.017700 ms)

========================================================================
Received Prepare
Registering precompiled user dll's ...
Registered in 0.000669 seconds.
Begin MonoManager ReloadAssembly
Native extension for WindowsStandalone target not found
Refreshing native plugins compatible for Editor in 0.20 ms, found 0 plugins.
Preloading 0 native plugins for Editor in 0.00 ms.
Invoked RoslynAnalysisRunner static constructor.
RoslynAnalysisRunner will not be running.
RoslynAnalysisRunner has terminated.
Mono: successfully reloaded assembly
- Completed reload, in  0.659 seconds
Platform modules already initialized, skipping
Refreshing native plugins compatible for Editor in 0.20 ms, found 0 plugins.
Preloading 0 native plugins for Editor in 0.00 ms.
Unloading 1115 Unused Serialized files (Serialized files now loaded: 0)
System memory in use before: 57.1 MB.
System memory in use after: 57.2 MB.

Unloading 4 unused Assets to reduce memory usage. Loaded Objects now: 1608.
Total: 1.450300 ms (FindLiveObjects: 0.134400 ms CreateObjectMapping: 0.037100 ms MarkObjects: 1.266600 ms  DeleteObjects: 0.011600 ms)

========================================================================
Received Prepare
Registering precompiled user dll's ...
Registered in 0.000686 seconds.
Begin MonoManager ReloadAssembly
Native extension for WindowsStandalone target not found
Refreshing native plugins compatible for Editor in 0.19 ms, found 0 plugins.
Preloading 0 native plugins for Editor in 0.00 ms.
Invoked RoslynAnalysisRunner static constructor.
RoslynAnalysisRunner will not be running.
RoslynAnalysisRunner has terminated.
Mono: successfully reloaded assembly
- Completed reload, in  0.652 seconds
Platform modules already initialized, skipping
Refreshing native plugins compatible for Editor in 0.19 ms, found 0 plugins.
Preloading 0 native plugins for Editor in 0.00 ms.
Unloading 1115 Unused Serialized files (Serialized files now loaded: 0)
System memory in use before: 57.1 MB.
System memory in use after: 57.2 MB.

Unloading 4 unused Assets to reduce memory usage. Loaded Objects now: 1611.
Total: 1.353700 ms (FindLiveObjects: 0.128600 ms CreateObjectMapping: 0.033200 ms MarkObjects: 1.179300 ms  DeleteObjects: 0.011600 ms)

========================================================================
Received Prepare
Registering precompiled user dll's ...
Registered in 0.000839 seconds.
Begin MonoManager ReloadAssembly
Native extension for WindowsStandalone target not found
Refreshing native plugins compatible for Editor in 0.19 ms, found 0 plugins.
Preloading 0 native plugins for Editor in 0.00 ms.
Invoked RoslynAnalysisRunner static constructor.
RoslynAnalysisRunner will not be running.
RoslynAnalysisRunner has terminated.
Mono: successfully reloaded assembly
- Completed reload, in  0.718 seconds
Platform modules already initialized, skipping
Refreshing native plugins compatible for Editor in 0.19 ms, found 0 plugins.
Preloading 0 native plugins for Editor in 0.00 ms.
Unloading 1115 Unused Serialized files (Serialized files now loaded: 0)
System memory in use before: 57.1 MB.
System memory in use after: 57.2 MB.

Unloading 4 unused Assets to reduce memory usage. Loaded Objects now: 1614.
Total: 1.474900 ms (FindLiveObjects: 0.134100 ms CreateObjectMapping: 0.037400 ms MarkObjects: 1.290800 ms  DeleteObjects: 0.011700 ms)

========================================================================
Received Prepare
Registering precompiled user dll's ...
Registered in 0.000668 seconds.
Begin MonoManager ReloadAssembly
Native extension for WindowsStandalone target not found
Refreshing native plugins compatible for Editor in 0.18 ms, found 0 plugins.
Preloading 0 native plugins for Editor in 0.00 ms.
Invoked RoslynAnalysisRunner static constructor.
RoslynAnalysisRunner will not be running.
RoslynAnalysisRunner has terminated.
Mono: successfully reloaded assembly
- Completed reload, in  0.627 seconds
Platform modules already initialized, skipping
Refreshing native plugins compatible for Editor in 0.15 ms, found 0 plugins.
Preloading 0 native plugins for Editor in 0.00 ms.
Unloading 1115 Unused Serialized files (Serialized files now loaded: 0)
System memory in use before: 57.1 MB.
System memory in use after: 57.2 MB.

Unloading 4 unused Assets to reduce memory usage. Loaded Objects now: 1617.
Total: 1.846500 ms (FindLiveObjects: 0.176900 ms CreateObjectMapping: 0.046400 ms MarkObjects: 1.608500 ms  DeleteObjects: 0.013700 ms)

========================================================================
Received Prepare
Registering precompiled user dll's ...
Registered in 0.000715 seconds.
Begin MonoManager ReloadAssembly
Native extension for WindowsStandalone target not found
Refreshing native plugins compatible for Editor in 0.20 ms, found 0 plugins.
Preloading 0 native plugins for Editor in 0.00 ms.
Invoked RoslynAnalysisRunner static constructor.
RoslynAnalysisRunner will not be running.
RoslynAnalysisRunner has terminated.
Mono: successfully reloaded assembly
- Completed reload, in  0.659 seconds
Platform modules already initialized, skipping
Refreshing native plugins compatible for Editor in 0.20 ms, found 0 plugins.
Preloading 0 native plugins for Editor in 0.00 ms.
Unloading 1115 Unused Serialized files (Serialized files now loaded: 0)
System memory in use before: 57.1 MB.
System memory in use after: 57.2 MB.

Unloading 4 unused Assets to reduce memory usage. Loaded Objects now: 1620.
Total: 1.569600 ms (FindLiveObjects: 0.212900 ms CreateObjectMapping: 0.070000 ms MarkObjects: 1.273700 ms  DeleteObjects: 0.012000 ms)

========================================================================
Received Import Request.
  Time since last request: 2669.206316 seconds.
  path: Assets/Match 3 Starter/Scripts/Board and Grid/BoardManager.cs
  artifactKey: Guid(a3e5bbfb8c13d8f479f8d00fcbc7884e) Importer(815301076,1909f56bfc062723c751e8b465ee728b)
Start importing Assets/Match 3 Starter/Scripts/Board and Grid/BoardManager.cs using Guid(a3e5bbfb8c13d8f479f8d00fcbc7884e) Importer(815301076,1909f56bfc062723c751e8b465ee728b)  -> (artifact id: '5cef74ad9bfb4650972c9b0efbfafdb1') in 0.004094 seconds
  Import took 0.005801 seconds .

========================================================================
Received Import Request.
  Time since last request: 0.023241 seconds.
  path: Assets/Match 3 Starter/Scripts/Board and Grid/BoardManager.cs
  artifactKey: Guid(a3e5bbfb8c13d8f479f8d00fcbc7884e) Importer(815301076,1909f56bfc062723c751e8b465ee728b)
Start importing Assets/Match 3 Starter/Scripts/Board and Grid/BoardManager.cs using Guid(a3e5bbfb8c13d8f479f8d00fcbc7884e) Importer(815301076,1909f56bfc062723c751e8b465ee728b)  -> (artifact id: '5cef74ad9bfb4650972c9b0efbfafdb1') in 0.002063 seconds
  Import took 0.003730 seconds .

========================================================================
Received Import Request.
  Time since last request: 2.629329 seconds.
  path: Assets/Match 3 Starter/Scripts/Board and Grid
  artifactKey: Guid(144ab85473252b4498c7e8142a5c0615) Importer(815301076,1909f56bfc062723c751e8b465ee728b)
Start importing Assets/Match 3 Starter/Scripts/Board and Grid using Guid(144ab85473252b4498c7e8142a5c0615) Importer(815301076,1909f56bfc062723c751e8b465ee728b)  -> (artifact id: 'f590fa484678da5c66f1a29a7bf32e55') in 0.005504 seconds
  Import took 0.007388 seconds .

========================================================================
Received Prepare
Registering precompiled user dll's ...
Registered in 0.000751 seconds.
Begin MonoManager ReloadAssembly
Native extension for WindowsStandalone target not found
Refreshing native plugins compatible for Editor in 0.20 ms, found 0 plugins.
Preloading 0 native plugins for Editor in 0.00 ms.
Invoked RoslynAnalysisRunner static constructor.
RoslynAnalysisRunner will not be running.
RoslynAnalysisRunner has terminated.
Mono: successfully reloaded assembly
- Completed reload, in  0.706 seconds
Platform modules already initialized, skipping
Refreshing native plugins compatible for Editor in 0.20 ms, found 0 plugins.
Preloading 0 native plugins for Editor in 0.00 ms.
Unloading 1115 Unused Serialized files (Serialized files now loaded: 0)
System memory in use before: 57.1 MB.
System memory in use after: 57.2 MB.

Unloading 4 unused Assets to reduce memory usage. Loaded Objects now: 1623.
Total: 1.436000 ms (FindLiveObjects: 0.130000 ms CreateObjectMapping: 0.040200 ms MarkObjects: 1.252200 ms  DeleteObjects: 0.012300 ms)

========================================================================
Received Prepare
Registering precompiled user dll's ...
Registered in 0.000672 seconds.
Begin MonoManager ReloadAssembly
Native extension for WindowsStandalone target not found
Refreshing native plugins compatible for Editor in 0.19 ms, found 0 plugins.
Preloading 0 native plugins for Editor in 0.00 ms.
Invoked RoslynAnalysisRunner static constructor.
RoslynAnalysisRunner will not be running.
RoslynAnalysisRunner has terminated.
Mono: successfully reloaded assembly
- Completed reload, in  0.692 seconds
Platform modules already initialized, skipping
Refreshing native plugins compatible for Editor in 0.24 ms, found 0 plugins.
Preloading 0 native plugins for Editor in 0.00 ms.
Unloading 1115 Unused Serialized files (Serialized files now loaded: 0)
System memory in use before: 57.1 MB.
System memory in use after: 57.2 MB.

Unloading 4 unused Assets to reduce memory usage. Loaded Objects now: 1626.
Total: 1.935900 ms (FindLiveObjects: 0.283600 ms CreateObjectMapping: 0.074300 ms MarkObjects: 1.549000 ms  DeleteObjects: 0.027100 ms)

========================================================================
Received Prepare
Registering precompiled user dll's ...
Registered in 0.000722 seconds.
Begin MonoManager ReloadAssembly
Native extension for WindowsStandalone target not found
Refreshing native plugins compatible for Editor in 0.18 ms, found 0 plugins.
Preloading 0 native plugins for Editor in 0.00 ms.
Invoked RoslynAnalysisRunner static constructor.
RoslynAnalysisRunner will not be running.
RoslynAnalysisRunner has terminated.
Mono: successfully reloaded assembly
- Completed reload, in  0.641 seconds
Platform modules already initialized, skipping
Refreshing native plugins compatible for Editor in 0.20 ms, found 0 plugins.
Preloading 0 native plugins for Editor in 0.00 ms.
Unloading 1115 Unused Serialized files (Serialized files now loaded: 0)
System memory in use before: 57.1 MB.
System memory in use after: 57.2 MB.

Unloading 4 unused Assets to reduce memory usage. Loaded Objects now: 1629.
Total: 1.532400 ms (FindLiveObjects: 0.130500 ms CreateObjectMapping: 0.033700 ms MarkObjects: 1.353800 ms  DeleteObjects: 0.012500 ms)

========================================================================
Received Prepare
Registering precompiled user dll's ...
Registered in 0.000726 seconds.
Begin MonoManager ReloadAssembly
Native extension for WindowsStandalone target not found
Refreshing native plugins compatible for Editor in 0.18 ms, found 0 plugins.
Preloading 0 native plugins for Editor in 0.00 ms.
Invoked RoslynAnalysisRunner static constructor.
RoslynAnalysisRunner will not be running.
RoslynAnalysisRunner has terminated.
Mono: successfully reloaded assembly
- Completed reload, in  0.620 seconds
Platform modules already initialized, skipping
Refreshing native plugins compatible for Editor in 0.17 ms, found 0 plugins.
Preloading 0 native plugins for Editor in 0.00 ms.
Unloading 1115 Unused Serialized files (Serialized files now loaded: 0)
System memory in use before: 57.1 MB.
System memory in use after: 57.2 MB.

Unloading 4 unused Assets to reduce memory usage. Loaded Objects now: 1632.
Total: 1.708300 ms (FindLiveObjects: 0.132500 ms CreateObjectMapping: 0.040100 ms MarkObjects: 1.520900 ms  DeleteObjects: 0.012400 ms)

========================================================================
Received Prepare
Registering precompiled user dll's ...
Registered in 0.000712 seconds.
Begin MonoManager ReloadAssembly
Native extension for WindowsStandalone target not found
Refreshing native plugins compatible for Editor in 0.20 ms, found 0 plugins.
Preloading 0 native plugins for Editor in 0.00 ms.
Invoked RoslynAnalysisRunner static constructor.
RoslynAnalysisRunner will not be running.
RoslynAnalysisRunner has terminated.
Mono: successfully reloaded assembly
- Completed reload, in  0.661 seconds
Platform modules already initialized, skipping
Refreshing native plugins compatible for Editor in 0.21 ms, found 0 plugins.
Preloading 0 native plugins for Editor in 0.00 ms.
Unloading 1115 Unused Serialized files (Serialized files now loaded: 0)
System memory in use before: 57.1 MB.
System memory in use after: 57.2 MB.

Unloading 4 unused Assets to reduce memory usage. Loaded Objects now: 1635.
Total: 1.414800 ms (FindLiveObjects: 0.142000 ms CreateObjectMapping: 0.039100 ms MarkObjects: 1.221700 ms  DeleteObjects: 0.011200 ms)

========================================================================
Received Prepare
Registering precompiled user dll's ...
Registered in 0.000674 seconds.
Begin MonoManager ReloadAssembly
Native extension for WindowsStandalone target not found
Refreshing native plugins compatible for Editor in 0.20 ms, found 0 plugins.
Preloading 0 native plugins for Editor in 0.00 ms.
Invoked RoslynAnalysisRunner static constructor.
RoslynAnalysisRunner will not be running.
RoslynAnalysisRunner has terminated.
Mono: successfully reloaded assembly
- Completed reload, in  0.673 seconds
Platform modules already initialized, skipping
Refreshing native plugins compatible for Editor in 0.19 ms, found 0 plugins.
Preloading 0 native plugins for Editor in 0.00 ms.
Unloading 1115 Unused Serialized files (Serialized files now loaded: 0)
System memory in use before: 57.1 MB.
System memory in use after: 57.2 MB.

Unloading 4 unused Assets to reduce memory usage. Loaded Objects now: 1638.
Total: 1.585000 ms (FindLiveObjects: 0.139600 ms CreateObjectMapping: 0.039400 ms MarkObjects: 1.393100 ms  DeleteObjects: 0.012100 ms)

========================================================================
Received Import Request.
  Time since last request: 1510.953188 seconds.
  path: Assets/Match 3 Starter/Scenes/Game.unity
  artifactKey: Guid(13c4b9a25e714484db0951847e444521) Importer(815301076,1909f56bfc062723c751e8b465ee728b)
Start importing Assets/Match 3 Starter/Scenes/Game.unity using Guid(13c4b9a25e714484db0951847e444521) Importer(815301076,1909f56bfc062723c751e8b465ee728b)  -> (artifact id: '5d6634d6cc941bab30cc3b1c090fd7fd') in 0.013561 seconds
  Import took 0.015434 seconds .

========================================================================
Received Import Request.
  Time since last request: 1.592782 seconds.
  path: Assets/Match 3 Starter/Scenes/Menu.unity
  artifactKey: Guid(808e4492450f3f84c859e099524ef107) Importer(815301076,1909f56bfc062723c751e8b465ee728b)
Start importing Assets/Match 3 Starter/Scenes/Menu.unity using Guid(808e4492450f3f84c859e099524ef107) Importer(815301076,1909f56bfc062723c751e8b465ee728b)  -> (artifact id: '44065373ea7716e334f2401257e7df38') in 0.004962 seconds
  Import took 0.006674 seconds .

========================================================================
Received Import Request.
  Time since last request: 6.058025 seconds.
  path: Assets/Match 3 Starter/Prefabs
  artifactKey: Guid(de64506a504c9ff42b287969d5c69326) Importer(815301076,1909f56bfc062723c751e8b465ee728b)
Start importing Assets/Match 3 Starter/Prefabs using Guid(de64506a504c9ff42b287969d5c69326) Importer(815301076,1909f56bfc062723c751e8b465ee728b)  -> (artifact id: '2bfdb26d0f1cadc9497116ee187f5b2a') in 0.005411 seconds
  Import took 0.007035 seconds .

========================================================================
Received Import Request.
  Time since last request: 0.625267 seconds.
  path: Assets/Match 3 Starter/Scenes
  artifactKey: Guid(febdb91d3b6ff534eb94a45e34943249) Importer(815301076,1909f56bfc062723c751e8b465ee728b)
Start importing Assets/Match 3 Starter/Scenes using Guid(febdb91d3b6ff534eb94a45e34943249) Importer(815301076,1909f56bfc062723c751e8b465ee728b)  -> (artifact id: 'b5f9c391e2aa03b7e74209c04799ed98') in 0.005399 seconds
  Import took 0.008622 seconds .

========================================================================
Received Prepare
Registering precompiled user dll's ...
Registered in 0.000719 seconds.
Begin MonoManager ReloadAssembly
Native extension for WindowsStandalone target not found
Refreshing native plugins compatible for Editor in 0.29 ms, found 0 plugins.
Preloading 0 native plugins for Editor in 0.00 ms.
Invoked RoslynAnalysisRunner static constructor.
RoslynAnalysisRunner will not be running.
RoslynAnalysisRunner has terminated.
Mono: successfully reloaded assembly
- Completed reload, in  0.693 seconds
Platform modules already initialized, skipping
Refreshing native plugins compatible for Editor in 0.19 ms, found 0 plugins.
Preloading 0 native plugins for Editor in 0.00 ms.
Unloading 1115 Unused Serialized files (Serialized files now loaded: 0)
System memory in use before: 57.1 MB.
System memory in use after: 57.2 MB.

Unloading 4 unused Assets to reduce memory usage. Loaded Objects now: 1641.
Total: 1.473600 ms (FindLiveObjects: 0.147300 ms CreateObjectMapping: 0.041100 ms MarkObjects: 1.272400 ms  DeleteObjects: 0.011800 ms)

========================================================================
Received Prepare
Registering precompiled user dll's ...
Registered in 0.000743 seconds.
Begin MonoManager ReloadAssembly
Native extension for WindowsStandalone target not found
Refreshing native plugins compatible for Editor in 0.18 ms, found 0 plugins.
Preloading 0 native plugins for Editor in 0.00 ms.
Invoked RoslynAnalysisRunner static constructor.
RoslynAnalysisRunner will not be running.
RoslynAnalysisRunner has terminated.
Mono: successfully reloaded assembly
- Completed reload, in  0.613 seconds
Platform modules already initialized, skipping
Refreshing native plugins compatible for Editor in 0.19 ms, found 0 plugins.
Preloading 0 native plugins for Editor in 0.00 ms.
Unloading 1115 Unused Serialized files (Serialized files now loaded: 0)
System memory in use before: 57.2 MB.
System memory in use after: 57.3 MB.

Unloading 4 unused Assets to reduce memory usage. Loaded Objects now: 1644.
Total: 1.411800 ms (FindLiveObjects: 0.134500 ms CreateObjectMapping: 0.034200 ms MarkObjects: 1.230800 ms  DeleteObjects: 0.011300 ms)

AssetImportWorkerClient::OnTransportError - code=2 error=End of file
